#
# A fatal error has been detected by the Java Runtime Environment:
#
#  EXCEPTION_ACCESS_VIOLATION (0xc0000005) at pc=0x00007ffea5d7bf00, pid=11220, tid=12240
#
# JRE version: Java(TM) SE Runtime Environment (17.0.2+8) (build 17.0.2+8-LTS-86)
# Java VM: Java HotSpot(TM) 64-Bit Server VM (17.0.2+8-LTS-86, mixed mode, sharing, tiered, compressed oops, compressed class ptrs, g1 gc, windows-amd64)
# Problematic frame:
# V  [jvm.dll+0xbf00]
#
# No core dump will be written. Minidumps are not enabled by default on client versions of Windows
#
# If you would like to submit a bug report, please visit:
#   https://bugreport.java.com/bugreport/crash.jsp
#

---------------  S U M M A R Y ------------

Command Line: 

Host: Intel(R) Core(TM) i5-2520M CPU @ 2.50GHz, 4 cores, 7G,  Windows 10 , 64 bit Build 19041 (10.0.19041.3570)
Time: Mon Jan 15 15:20:03 2024 W. Central Africa Standard Time elapsed time: 5.326687 seconds (0d 0h 0m 5s)

---------------  T H R E A D  ---------------

Current thread (0x000001df99d4f440):  JavaThread "pool-1-thread-1" [_thread_in_vm, id=12240, stack(0x0000003b16800000,0x0000003b169f0000)]

Stack: [0x0000003b16800000,0x0000003b169f0000],  sp=0x0000003b169eedd8,  free space=1979k
Native frames: (J=compiled Java code, j=interpreted, Vv=VM code, C=native code)
V  [jvm.dll+0xbf00]

Java frames: (J=compiled Java code, j=interpreted, Vv=VM code)
j  com.digitalpersona.onetouch.jni.Matcher.verify([B[B)Lcom/digitalpersona/onetouch/jni/VerificationResult;+0
j  com.digitalpersona.onetouch.verification._impl.DPFPVerificationFactoryImpl$VerificationImpl.verify(Lcom/digitalpersona/onetouch/DPFPFeatureSet;Lcom/digitalpersona/onetouch/DPFPTemplate;)Lcom/digitalpersona/onetouch/verification/DPFPVerificationResult;+16
j  com.OmolayoSeun.ConsoleUserInterfaceFactory$ConsoleUserInterface.verify(Ljava/lang/String;)V+97
j  com.OmolayoSeun.ConsoleUserInterfaceFactory$ConsoleUserInterface.run()V+68
j  java.util.concurrent.ThreadPoolExecutor.runWorker(Ljava/util/concurrent/ThreadPoolExecutor$Worker;)V+92 java.base@17.0.2
j  java.util.concurrent.ThreadPoolExecutor$Worker.run()V+5 java.base@17.0.2
j  java.lang.Thread.run()V+11 java.base@17.0.2
v  ~StubRoutines::call_stub

siginfo: EXCEPTION_ACCESS_VIOLATION (0xc0000005), reading address 0x0000000000000000


Register to memory mapping:

RIP=0x00007ffea5d7bf00 jvm.dll
RAX=0x0 is NULL
RBX=0x000001df99d4f440 is a thread
RCX=0x0 is NULL
RDX=0x0 is NULL
RSP=0x0000003b169eedd8 is pointing into the stack for thread: 0x000001df99d4f440
RBP=0x0000003b169eef80 is pointing into the stack for thread: 0x000001df99d4f440
RSI=0x0000003b169eefa0 is pointing into the stack for thread: 0x000001df99d4f440
RDI=0x0 is NULL
R8 =0x0000000000000008 is an unknown value
R9 =0x00007ffecbb313fd VCRUNTIME140.dll
R10=0x00007ffecbb30000 VCRUNTIME140.dll
R11=0x000001dfbbc8aee0 is pointing into metadata
R12=0x0 is NULL
R13=0x0 is NULL
R14=0x0000003b169eefb0 is pointing into the stack for thread: 0x000001df99d4f440
R15=0x000001df99d4f440 is a thread


Registers:
RAX=0x0000000000000000, RBX=0x000001df99d4f440, RCX=0x0000000000000000, RDX=0x0000000000000000
RSP=0x0000003b169eedd8, RBP=0x0000003b169eef80, RSI=0x0000003b169eefa0, RDI=0x0000000000000000
R8 =0x0000000000000008, R9 =0x00007ffecbb313fd, R10=0x00007ffecbb30000, R11=0x000001dfbbc8aee0
R12=0x0000000000000000, R13=0x0000000000000000, R14=0x0000003b169eefb0, R15=0x000001df99d4f440
RIP=0x00007ffea5d7bf00, EFLAGS=0x0000000000010246

Top of Stack: (sp=0x0000003b169eedd8)
0x0000003b169eedd8:   00007ffea6152789 000001df99d4f440
0x0000003b169eede8:   0000000000000000 000001df99d4f440
0x0000003b169eedf8:   0000003b169eefb0 000001dfbd09e3b0
0x0000003b169eee08:   0000000000311ac6 000001df99d4f6e8
0x0000003b169eee18:   0000003b169eefa0 0000003b169eefa0
0x0000003b169eee28:   000001df99d4f440 0000003b169eee90
0x0000003b169eee38:   000001df00000003 000001df9cd62a80
0x0000003b169eee48:   0000002800000003 000001df99d4f440
0x0000003b169eee58:   0000003b169eefb0 0000000000000000
0x0000003b169eee68:   000001dfa4ff94fe 0000000000000000
0x0000003b169eee78:   0000000000000000 0000003b169eef80
0x0000003b169eee88:   00007ffea60ee672 000001dfbe8f5c60
0x0000003b169eee98:   fffffffffffffffe 000001df99d4f440
0x0000003b169eeea8:   000001df99d4f440 000001dfbbc8b5f8
0x0000003b169eeeb8:   000001df99d4f440 000001df99d4f440
0x0000003b169eeec8:   0000003b169eefb0 000001dfbbc8b5f0 

Instructions: (pc=0x00007ffea5d7bf00)
0x00007ffea5d7be00:   1c f2 a6 00 48 83 c4 20 5b 48 ff e0 48 8d 05 ed
0x00007ffea5d7be10:   00 00 00 48 8b cb 48 89 05 03 f2 a6 00 48 83 c4
0x00007ffea5d7be20:   20 5b 48 ff e0 48 8d 05 d4 00 00 00 48 8b cb 48
0x00007ffea5d7be30:   89 05 ea f1 a6 00 48 83 c4 20 5b 48 ff e0 48 8b
0x00007ffea5d7be40:   0d cb e3 ac 00 8b 51 10 83 ea 01 0f 84 91 00 00
0x00007ffea5d7be50:   00 83 ea 01 74 73 83 ea 01 74 55 83 fa 01 74 37
0x00007ffea5d7be60:   4c 8d 0d d1 3c 82 00 41 b8 e9 00 00 00 48 8d 15
0x00007ffea5d7be70:   fc 3c 82 00 b9 00 00 00 e0 e8 02 6a 23 00 e8 9d
0x00007ffea5d7be80:   48 66 00 33 c0 48 8b cb 48 89 05 91 f1 a6 00 48
0x00007ffea5d7be90:   83 c4 20 5b 48 ff e0 48 8d 05 72 00 00 00 48 8b
0x00007ffea5d7bea0:   cb 48 89 05 78 f1 a6 00 48 83 c4 20 5b 48 ff e0
0x00007ffea5d7beb0:   48 8d 05 49 00 00 00 48 8b cb 48 89 05 5f f1 a6
0x00007ffea5d7bec0:   00 48 83 c4 20 5b 48 ff e0 48 8d 05 30 00 00 00
0x00007ffea5d7bed0:   48 8b cb 48 89 05 46 f1 a6 00 48 83 c4 20 5b 48
0x00007ffea5d7bee0:   ff e0 48 8d 05 17 00 00 00 48 8b cb 48 89 05 2d
0x00007ffea5d7bef0:   f1 a6 00 48 83 c4 20 5b 48 ff e0 cc cc cc cc cc
0x00007ffea5d7bf00:   48 8b 01 c3 cc cc cc cc cc cc cc cc cc cc cc cc
0x00007ffea5d7bf10:   48 89 5c 24 08 57 48 83 ec 20 48 8b 39 48 8b d9
0x00007ffea5d7bf20:   48 85 3d e1 bf b1 00 75 0e 48 8b c7 48 8b 5c 24
0x00007ffea5d7bf30:   30 48 83 c4 20 5f c3 48 8b cf e8 11 53 7f 00 48
0x00007ffea5d7bf40:   8b d0 48 85 c0 74 20 48 8b c7 f0 48 0f b1 13 74
0x00007ffea5d7bf50:   16 48 85 05 b0 bf b1 00 74 0d 48 8b c8 f0 48 0f
0x00007ffea5d7bf60:   b1 13 48 3b c1 75 ea 48 8b 5c 24 30 48 8b c2 48
0x00007ffea5d7bf70:   83 c4 20 5f c3 cc cc cc cc cc cc cc cc cc cc cc
0x00007ffea5d7bf80:   8b 44 24 30 45 03 c9 44 2b 4c 24 28 83 c0 0b 44
0x00007ffea5d7bf90:   03 ca 45 03 c8 41 03 c1 c3 cc cc cc cc cc cc cc
0x00007ffea5d7bfa0:   48 8b 41 08 0f b7 48 2a 0f b7 40 28 83 c0 48 03
0x00007ffea5d7bfb0:   c1 c3 cc cc cc cc cc cc cc cc cc cc cc cc cc cc
0x00007ffea5d7bfc0:   48 89 5c 24 08 57 48 83 ec 20 0f b6 05 1f c7 b1
0x00007ffea5d7bfd0:   00 48 8b fa 48 8b d9 84 c0 74 4f 48 85 15 26 bf
0x00007ffea5d7bfe0:   b1 00 74 38 48 8b ca e8 74 55 7f 00 48 8b d0 48
0x00007ffea5d7bff0:   85 db 74 25 48 85 c0 74 20 48 8b c7 f0 48 0f b1 


Stack slot to memory mapping:
stack at sp + 0 slots: 0x00007ffea6152789 jvm.dll
stack at sp + 1 slots: 0x000001df99d4f440 is a thread
stack at sp + 2 slots: 0x0 is NULL
stack at sp + 3 slots: 0x000001df99d4f440 is a thread
stack at sp + 4 slots: 0x0000003b169eefb0 is pointing into the stack for thread: 0x000001df99d4f440
stack at sp + 5 slots: 0x000001dfbd09e3b0 points into unknown readable memory: 0x0000000082df9310 | 10 93 df 82 00 00 00 00
stack at sp + 6 slots: 0x0000000000311ac6 otmcjni.dll
stack at sp + 7 slots: 0x000001df99d4f6e8 points into unknown readable memory: 0x00007ffea67f5640 | 40 56 7f a6 fe 7f 00 00


---------------  P R O C E S S  ---------------

Threads class SMR info:
_java_thread_list=0x000001dfbc943540, length=14, elements={
0x000001df9b8945d0, 0x000001df9ccf2c60, 0x000001df9ccf5530, 0x000001df9cd01930,
0x000001df9cd021f0, 0x000001df9cd02ab0, 0x000001df9cd03370, 0x000001df9cd0bf70,
0x000001df9cd13060, 0x000001df9cd17da0, 0x000001dfbc0d7480, 0x000001dfbc0e32d0,
0x000001dfbc169ab0, 0x000001df99d4f440
}

Java Threads: ( => current thread )
  0x000001df9b8945d0 JavaThread "main" [_thread_blocked, id=10792, stack(0x0000003b13980000,0x0000003b13b70000)]
  0x000001df9ccf2c60 JavaThread "Reference Handler" daemon [_thread_blocked, id=7424, stack(0x0000003b14710000,0x0000003b14900000)]
  0x000001df9ccf5530 JavaThread "Finalizer" daemon [_thread_blocked, id=10068, stack(0x0000003b14900000,0x0000003b14af0000)]
  0x000001df9cd01930 JavaThread "Signal Dispatcher" daemon [_thread_blocked, id=5756, stack(0x0000003b14af0000,0x0000003b14ce0000)]
  0x000001df9cd021f0 JavaThread "Attach Listener" daemon [_thread_blocked, id=3716, stack(0x0000003b14ce0000,0x0000003b14ed0000)]
  0x000001df9cd02ab0 JavaThread "Service Thread" daemon [_thread_blocked, id=2844, stack(0x0000003b14ed0000,0x0000003b150c0000)]
  0x000001df9cd03370 JavaThread "Monitor Deflation Thread" daemon [_thread_blocked, id=13452, stack(0x0000003b150c0000,0x0000003b152b0000)]
  0x000001df9cd0bf70 JavaThread "C2 CompilerThread0" daemon [_thread_blocked, id=8704, stack(0x0000003b152b0000,0x0000003b154a0000)]
  0x000001df9cd13060 JavaThread "C1 CompilerThread0" daemon [_thread_blocked, id=11844, stack(0x0000003b154a0000,0x0000003b15690000)]
  0x000001df9cd17da0 JavaThread "Sweeper thread" daemon [_thread_blocked, id=7924, stack(0x0000003b15690000,0x0000003b15880000)]
  0x000001dfbc0d7480 JavaThread "Notification Thread" daemon [_thread_blocked, id=9200, stack(0x0000003b15880000,0x0000003b15a70000)]
  0x000001dfbc0e32d0 JavaThread "Common-Cleaner" daemon [_thread_blocked, id=10796, stack(0x0000003b15c60000,0x0000003b15e50000)]
  0x000001dfbc169ab0 JavaThread "Python Reference Queue" daemon [_thread_blocked, id=12580, stack(0x0000003b15e50000,0x0000003b16040000)]
=>0x000001df99d4f440 JavaThread "pool-1-thread-1" [_thread_in_vm, id=12240, stack(0x0000003b16800000,0x0000003b169f0000)]

Other Threads:
  0x000001df9ccee590 VMThread "VM Thread" [stack: 0x0000003b14520000,0x0000003b14710000] [id=8568]
  0x000001df9cb477e0 WatcherThread [stack: 0x0000003b15a70000,0x0000003b15c60000] [id=3740]
  0x000001df99d85910 GCTaskThread "GC Thread#0" [stack: 0x0000003b13b70000,0x0000003b13d60000] [id=12744]
  0x000001dfbc25b580 GCTaskThread "GC Thread#1" [stack: 0x0000003b16040000,0x0000003b16230000] [id=2436]
  0x000001dfbc25b830 GCTaskThread "GC Thread#2" [stack: 0x0000003b16230000,0x0000003b16420000] [id=14272]
  0x000001dfbc33bf90 GCTaskThread "GC Thread#3" [stack: 0x0000003b16420000,0x0000003b16610000] [id=7064]
  0x000001df9cb428f0 ConcurrentGCThread "G1 Main Marker" [stack: 0x0000003b13d60000,0x0000003b13f50000] [id=7656]
  0x000001df9cb42fb0 ConcurrentGCThread "G1 Conc#0" [stack: 0x0000003b13f50000,0x0000003b14140000] [id=12300]
  0x000001df9cb9df50 ConcurrentGCThread "G1 Refine#0" [stack: 0x0000003b14140000,0x0000003b14330000] [id=4344]
  0x000001df9cb9e710 ConcurrentGCThread "G1 Service" [stack: 0x0000003b14330000,0x0000003b14520000] [id=9356]

Threads with active compile tasks:

VM state: not at safepoint (normal execution)

VM Mutex/Monitor currently owned by a thread: None

Heap address: 0x0000000081c00000, size: 2020 MB, Compressed Oops mode: 32-bit

CDS archive(s) mapped at: [0x0000000800000000-0x0000000800bc0000-0x0000000800bc0000), size 12320768, SharedBaseAddress: 0x0000000800000000, ArchiveRelocationMode: 0.
Compressed class space mapped at: 0x0000000800c00000-0x0000000840c00000, reserved size: 1073741824
Narrow klass base: 0x0000000800000000, Narrow klass shift: 0, Narrow klass range: 0x100000000

GC Precious Log:
 CPUs: 4 total, 4 available
 Memory: 8074M
 Large Page Support: Disabled
 NUMA Support: Disabled
 Compressed Oops: Enabled (32-bit)
 Heap Region Size: 1M
 Heap Min Capacity: 8M
 Heap Initial Capacity: 128M
 Heap Max Capacity: 2020M
 Pre-touch: Disabled
 Parallel Workers: 4
 Concurrent Workers: 1
 Concurrent Refinement Workers: 4
 Periodic GC: Disabled

Heap:
 garbage-first heap   total 20480K, used 6058K [0x0000000081c00000, 0x0000000100000000)
  region size 1024K, 3 young (3072K), 0 survivors (0K)
 Metaspace       used 3026K, committed 3200K, reserved 1056768K
  class space    used 314K, committed 384K, reserved 1048576K

Heap Regions: E=young(eden), S=young(survivor), O=old, HS=humongous(starts), HC=humongous(continues), CS=collection set, F=free, OA=open archive, CA=closed archive, TAMS=top-at-mark-start (previous, next)
|   0|0x0000000081c00000, 0x0000000081cfffc8, 0x0000000081d00000| 99%| O|  |TAMS 0x0000000081c00000, 0x0000000081c00000| Untracked 
|   1|0x0000000081d00000, 0x0000000081dffff8, 0x0000000081e00000| 99%| O|  |TAMS 0x0000000081d00000, 0x0000000081d00000| Untracked 
|   2|0x0000000081e00000, 0x0000000081effff0, 0x0000000081f00000| 99%| O|  |TAMS 0x0000000081e00000, 0x0000000081e00000| Untracked 
|   3|0x0000000081f00000, 0x0000000082000000, 0x0000000082000000|100%| O|  |TAMS 0x0000000081f00000, 0x0000000081f00000| Untracked 
|   4|0x0000000082000000, 0x00000000820c1910, 0x0000000082100000| 75%| O|  |TAMS 0x0000000082000000, 0x0000000082000000| Untracked 
|   5|0x0000000082100000, 0x0000000082100000, 0x0000000082200000|  0%| F|  |TAMS 0x0000000082100000, 0x0000000082100000| Untracked 
|   6|0x0000000082200000, 0x0000000082200000, 0x0000000082300000|  0%| F|  |TAMS 0x0000000082200000, 0x0000000082200000| Untracked 
|   7|0x0000000082300000, 0x0000000082300000, 0x0000000082400000|  0%| F|  |TAMS 0x0000000082300000, 0x0000000082300000| Untracked 
|   8|0x0000000082400000, 0x0000000082400000, 0x0000000082500000|  0%| F|  |TAMS 0x0000000082400000, 0x0000000082400000| Untracked 
|   9|0x0000000082500000, 0x0000000082500000, 0x0000000082600000|  0%| F|  |TAMS 0x0000000082500000, 0x0000000082500000| Untracked 
|  10|0x0000000082600000, 0x0000000082600000, 0x0000000082700000|  0%| F|  |TAMS 0x0000000082600000, 0x0000000082600000| Untracked 
|  11|0x0000000082700000, 0x0000000082700000, 0x0000000082800000|  0%| F|  |TAMS 0x0000000082700000, 0x0000000082700000| Untracked 
|  12|0x0000000082800000, 0x0000000082800000, 0x0000000082900000|  0%| F|  |TAMS 0x0000000082800000, 0x0000000082800000| Untracked 
|  13|0x0000000082900000, 0x0000000082900000, 0x0000000082a00000|  0%| F|  |TAMS 0x0000000082900000, 0x0000000082900000| Untracked 
|  14|0x0000000082a00000, 0x0000000082a00000, 0x0000000082b00000|  0%| F|  |TAMS 0x0000000082a00000, 0x0000000082a00000| Untracked 
|  15|0x0000000082b00000, 0x0000000082b00000, 0x0000000082c00000|  0%| F|  |TAMS 0x0000000082b00000, 0x0000000082b00000| Untracked 
|  16|0x0000000082c00000, 0x0000000082c86590, 0x0000000082d00000| 52%| E|  |TAMS 0x0000000082c00000, 0x0000000082c00000| Complete 
|  17|0x0000000082d00000, 0x0000000082e00000, 0x0000000082e00000|100%| E|  |TAMS 0x0000000082d00000, 0x0000000082d00000| Complete 
|  18|0x0000000082e00000, 0x0000000082f00000, 0x0000000082f00000|100%| E|CS|TAMS 0x0000000082e00000, 0x0000000082e00000| Complete 
|  41|0x0000000084500000, 0x0000000084528f80, 0x0000000084600000| 16%| O|  |TAMS 0x0000000084500000, 0x0000000084500000| Untracked 

Card table byte_map: [0x000001dfb4a20000,0x000001dfb4e20000] _byte_map_base: 0x000001dfb4612000

Marking Bits (Prev, Next): (CMBitMap*) 0x000001df9cb32580, (CMBitMap*) 0x000001df9cb325c0
 Prev Bits: [0x000001dfb5220000, 0x000001dfb71b0000)
 Next Bits: [0x000001dfb71b0000, 0x000001dfb9140000)

Polling page: 0x000001df9bb30000

Metaspace:

Usage:
  Non-class:      2.65 MB used.
      Class:    314.43 KB used.
       Both:      2.96 MB used.

Virtual space:
  Non-class space:        8.00 MB reserved,       2.75 MB ( 34%) committed,  1 nodes.
      Class space:        1.00 GB reserved,     384.00 KB ( <1%) committed,  1 nodes.
             Both:        1.01 GB reserved,       3.12 MB ( <1%) committed. 

Chunk freelists:
   Non-Class:  3.44 MB
       Class:  3.64 MB
        Both:  7.08 MB

MaxMetaspaceSize: unlimited
CompressedClassSpaceSize: 1.00 GB
Initial GC threshold: 21.00 MB
Current GC threshold: 21.00 MB
CDS: on
MetaspaceReclaimPolicy: balanced
 - commit_granule_bytes: 65536.
 - commit_granule_words: 8192.
 - virtual_space_node_default_size: 1048576.
 - enlarge_chunks_in_place: 1.
 - new_chunks_are_fully_committed: 0.
 - uncommit_free_chunks: 1.
 - use_allocation_guard: 0.
 - handle_deallocations: 1.


Internal statistics:

num_allocs_failed_limit: 0.
num_arena_births: 40.
num_arena_deaths: 0.
num_vsnodes_births: 2.
num_vsnodes_deaths: 0.
num_space_committed: 50.
num_space_uncommitted: 0.
num_chunks_returned_to_freelist: 0.
num_chunks_taken_from_freelist: 83.
num_chunk_merges: 0.
num_chunk_splits: 49.
num_chunks_enlarged: 36.
num_purges: 0.
num_inconsistent_stats: 0.

CodeHeap 'non-profiled nmethods': size=120000Kb used=342Kb max_used=342Kb free=119657Kb
 bounds [0x000001dfacac0000, 0x000001dfacd30000, 0x000001dfb3ff0000]
CodeHeap 'profiled nmethods': size=120000Kb used=1649Kb max_used=1649Kb free=118350Kb
 bounds [0x000001dfa5590000, 0x000001dfa5800000, 0x000001dfacac0000]
CodeHeap 'non-nmethods': size=5760Kb used=1147Kb max_used=1177Kb free=4612Kb
 bounds [0x000001dfa4ff0000, 0x000001dfa5260000, 0x000001dfa5590000]
 total_blobs=1439 nmethods=1004 adapters=347
 compilation: enabled
              stopped_count=0, restarted_count=0
 full_count=0

Compilation events (20 events):
Event: 5.233 Thread 0x000001df9cd13060  995       1       java.net.URL::getPort (5 bytes)
Event: 5.234 Thread 0x000001df9cd13060 nmethod 995 0x000001dfacb15410 code [0x000001dfacb155a0, 0x000001dfacb15678]
Event: 5.235 Thread 0x000001df9cd13060  996       3       java.lang.StringLatin1::regionMatchesCI (98 bytes)
Event: 5.236 Thread 0x000001df9cd13060 nmethod 996 0x000001dfa5729990 code [0x000001dfa5729bc0, 0x000001dfa572a318]
Event: 5.243 Thread 0x000001df9cd13060  997       3       jdk.internal.ref.CleanerImpl::getCleanerImpl (13 bytes)
Event: 5.243 Thread 0x000001df9cd13060 nmethod 997 0x000001dfa572a690 code [0x000001dfa572a840, 0x000001dfa572ab08]
Event: 5.243 Thread 0x000001df9cd13060  998       3       java.lang.ref.Cleaner$1::apply (9 bytes)
Event: 5.243 Thread 0x000001df9cd13060 nmethod 998 0x000001dfa572ac10 code [0x000001dfa572adc0, 0x000001dfa572b038]
Event: 5.243 Thread 0x000001df9cd13060  999       3       java.lang.ref.Cleaner$1::apply (5 bytes)
Event: 5.243 Thread 0x000001df9cd13060 nmethod 999 0x000001dfa572b110 code [0x000001dfa572b2a0, 0x000001dfa572b3b8]
Event: 5.244 Thread 0x000001df9cd13060 1000       3       java.io.InputStream::<init> (5 bytes)
Event: 5.244 Thread 0x000001df9cd13060 nmethod 1000 0x000001dfa572b490 code [0x000001dfa572b620, 0x000001dfa572b778]
Event: 5.244 Thread 0x000001df9cd13060 1001       3       java.lang.String::toLowerCase (8 bytes)
Event: 5.244 Thread 0x000001df9cd13060 nmethod 1001 0x000001dfa572b810 code [0x000001dfa572b9e0, 0x000001dfa572bd78]
Event: 5.244 Thread 0x000001df9cd13060 1002       3       java.util.Locale::getDefault (4 bytes)
Event: 5.244 Thread 0x000001df9cd13060 nmethod 1002 0x000001dfa572be90 code [0x000001dfa572c020, 0x000001dfa572c118]
Event: 5.244 Thread 0x000001df9cd13060 1003       1       java.net.URLStreamHandler::getDefaultPort (2 bytes)
Event: 5.244 Thread 0x000001df9cd13060 nmethod 1003 0x000001dfacb15710 code [0x000001dfacb158a0, 0x000001dfacb15978]
Event: 5.247 Thread 0x000001df9cd13060 1004       3       java.lang.Module::isNamed (13 bytes)
Event: 5.247 Thread 0x000001df9cd13060 nmethod 1004 0x000001dfa572c190 code [0x000001dfa572c320, 0x000001dfa572c498]

GC Heap History (12 events):
Event: 0.192 GC heap before
{Heap before GC invocations=0 (full 0):
 garbage-first heap   total 131072K, used 3072K [0x0000000081c00000, 0x0000000100000000)
  region size 1024K, 4 young (4096K), 0 survivors (0K)
 Metaspace       used 1284K, committed 1408K, reserved 1056768K
  class space    used 115K, committed 192K, reserved 1048576K
}
Event: 0.196 GC heap after
{Heap after GC invocations=1 (full 1):
 garbage-first heap   total 10240K, used 1058K [0x0000000081c00000, 0x0000000100000000)
  region size 1024K, 0 young (0K), 0 survivors (0K)
 Metaspace       used 1284K, committed 1408K, reserved 1056768K
  class space    used 115K, committed 192K, reserved 1048576K
}
Event: 0.297 GC heap before
{Heap before GC invocations=1 (full 1):
 garbage-first heap   total 10240K, used 3106K [0x0000000081c00000, 0x0000000100000000)
  region size 1024K, 2 young (2048K), 0 survivors (0K)
 Metaspace       used 1777K, committed 1920K, reserved 1056768K
  class space    used 157K, committed 256K, reserved 1048576K
}
Event: 0.299 GC heap after
{Heap after GC invocations=2 (full 1):
 garbage-first heap   total 10240K, used 1634K [0x0000000081c00000, 0x0000000100000000)
  region size 1024K, 1 young (1024K), 1 survivors (1024K)
 Metaspace       used 1777K, committed 1920K, reserved 1056768K
  class space    used 157K, committed 256K, reserved 1048576K
}
Event: 0.328 GC heap before
{Heap before GC invocations=2 (full 1):
 garbage-first heap   total 10240K, used 2658K [0x0000000081c00000, 0x0000000100000000)
  region size 1024K, 2 young (2048K), 1 survivors (1024K)
 Metaspace       used 1875K, committed 2048K, reserved 1056768K
  class space    used 166K, committed 256K, reserved 1048576K
}
Event: 0.330 GC heap after
{Heap after GC invocations=3 (full 1):
 garbage-first heap   total 10240K, used 1720K [0x0000000081c00000, 0x0000000100000000)
  region size 1024K, 1 young (1024K), 1 survivors (1024K)
 Metaspace       used 1875K, committed 2048K, reserved 1056768K
  class space    used 166K, committed 256K, reserved 1048576K
}
Event: 0.355 GC heap before
{Heap before GC invocations=3 (full 1):
 garbage-first heap   total 10240K, used 3768K [0x0000000081c00000, 0x0000000100000000)
  region size 1024K, 3 young (3072K), 1 survivors (1024K)
 Metaspace       used 1905K, committed 2048K, reserved 1056768K
  class space    used 166K, committed 256K, reserved 1048576K
}
Event: 0.357 GC heap after
{Heap after GC invocations=4 (full 1):
 garbage-first heap   total 10240K, used 1978K [0x0000000081c00000, 0x0000000100000000)
  region size 1024K, 1 young (1024K), 1 survivors (1024K)
 Metaspace       used 1905K, committed 2048K, reserved 1056768K
  class space    used 166K, committed 256K, reserved 1048576K
}
Event: 0.366 GC heap before
{Heap before GC invocations=4 (full 1):
 garbage-first heap   total 10240K, used 3002K [0x0000000081c00000, 0x0000000100000000)
  region size 1024K, 2 young (2048K), 1 survivors (1024K)
 Metaspace       used 1914K, committed 2048K, reserved 1056768K
  class space    used 166K, committed 256K, reserved 1048576K
}
Event: 0.368 GC heap after
{Heap after GC invocations=5 (full 1):
 garbage-first heap   total 70656K, used 2057K [0x0000000081c00000, 0x0000000100000000)
  region size 1024K, 1 young (1024K), 1 survivors (1024K)
 Metaspace       used 1914K, committed 2048K, reserved 1056768K
  class space    used 166K, committed 256K, reserved 1048576K
}
Event: 0.502 GC heap before
{Heap before GC invocations=5 (full 1):
 garbage-first heap   total 70656K, used 26633K [0x0000000081c00000, 0x0000000100000000)
  region size 1024K, 26 young (26624K), 1 survivors (1024K)
 Metaspace       used 1996K, committed 2176K, reserved 1056768K
  class space    used 166K, committed 256K, reserved 1048576K
}
Event: 0.523 GC heap after
{Heap after GC invocations=6 (full 2):
 garbage-first heap   total 20480K, used 5034K [0x0000000081c00000, 0x0000000100000000)
  region size 1024K, 0 young (0K), 0 survivors (0K)
 Metaspace       used 1996K, committed 2176K, reserved 1056768K
  class space    used 166K, committed 256K, reserved 1048576K
}

Deoptimization events (20 events):
Event: 0.354 Thread 0x000001df9b8945d0 DEOPT PACKING pc=0x000001dfa566e05e sp=0x0000003b13b6a780
Event: 0.354 Thread 0x000001df9b8945d0 DEOPT UNPACKING pc=0x000001dfa5042b43 sp=0x0000003b13b69c08 mode 0
Event: 0.355 Thread 0x000001df9b8945d0 DEOPT PACKING pc=0x000001dfa566e05e sp=0x0000003b13b6a840
Event: 0.355 Thread 0x000001df9b8945d0 DEOPT UNPACKING pc=0x000001dfa5042b43 sp=0x0000003b13b69cc8 mode 0
Event: 0.528 Thread 0x000001df9b8945d0 Uncommon trap: trap_request=0xffffffbe fr.pc=0x000001dfacaefd10 relative=0x00000000000003f0
Event: 0.528 Thread 0x000001df9b8945d0 Uncommon trap: reason=profile_predicate action=maybe_recompile pc=0x000001dfacaefd10 method=java.lang.StringLatin1.indexOf([BI[BII)I @ 18 c2
Event: 0.528 Thread 0x000001df9b8945d0 DEOPT PACKING pc=0x000001dfacaefd10 sp=0x0000003b13b6c780
Event: 0.528 Thread 0x000001df9b8945d0 DEOPT UNPACKING pc=0x000001dfa50423a3 sp=0x0000003b13b6c6e0 mode 2
Event: 0.530 Thread 0x000001df9b8945d0 Uncommon trap: trap_request=0xffffffbe fr.pc=0x000001dfacaefd10 relative=0x00000000000003f0
Event: 0.530 Thread 0x000001df9b8945d0 Uncommon trap: reason=profile_predicate action=maybe_recompile pc=0x000001dfacaefd10 method=java.lang.StringLatin1.indexOf([BI[BII)I @ 18 c2
Event: 0.530 Thread 0x000001df9b8945d0 DEOPT PACKING pc=0x000001dfacaefd10 sp=0x0000003b13b6c6c0
Event: 0.530 Thread 0x000001df9b8945d0 DEOPT UNPACKING pc=0x000001dfa50423a3 sp=0x0000003b13b6c620 mode 2
Event: 0.530 Thread 0x000001df9b8945d0 Uncommon trap: trap_request=0xffffff45 fr.pc=0x000001dfacaefcb4 relative=0x0000000000000394
Event: 0.530 Thread 0x000001df9b8945d0 Uncommon trap: reason=unstable_if action=reinterpret pc=0x000001dfacaefcb4 method=java.lang.StringLatin1.indexOf([BI[BII)I @ 91 c2
Event: 0.530 Thread 0x000001df9b8945d0 DEOPT PACKING pc=0x000001dfacaefcb4 sp=0x0000003b13b6c510
Event: 0.530 Thread 0x000001df9b8945d0 DEOPT UNPACKING pc=0x000001dfa50423a3 sp=0x0000003b13b6c470 mode 2
Event: 0.557 Thread 0x000001df9b8945d0 Uncommon trap: trap_request=0xffffff45 fr.pc=0x000001dfacaebb3c relative=0x000000000000061c
Event: 0.557 Thread 0x000001df9b8945d0 Uncommon trap: reason=unstable_if action=reinterpret pc=0x000001dfacaebb3c method=java.lang.String.<init>([BIILjava/nio/charset/Charset;)V @ 329 c2
Event: 0.557 Thread 0x000001df9b8945d0 DEOPT PACKING pc=0x000001dfacaebb3c sp=0x0000003b13b6c500
Event: 0.557 Thread 0x000001df9b8945d0 DEOPT UNPACKING pc=0x000001dfa50423a3 sp=0x0000003b13b6c480 mode 2

Classes unloaded (0 events):
No events

Classes redefined (0 events):
No events

Internal exceptions (5 events):
Event: 0.066 Thread 0x000001df9b8945d0 Exception <a 'java/lang/NoClassDefFoundError'{0x0000000089a25630}: org/jpype/classloader/DynamicClassLoader> (0x0000000089a25630) 
thrown [t:\workspace\open\src\hotspot\share\classfile\systemDictionary.cpp, line 245]
Event: 0.135 Thread 0x000001df9b8945d0 Exception <a 'java/lang/NoSuchMethodError'{0x000000008993e300}: 'java.lang.Object java.lang.invoke.DirectMethodHandle$Holder.invokeInterface(java.lang.Object, java.lang.Object)'> (0x000000008993e300) 
thrown [t:\workspace\open\src\hotspot\share\interpreter\linkResolver.cpp, line 766]
Event: 0.136 Thread 0x000001df9b8945d0 Exception <a 'java/lang/IncompatibleClassChangeError'{0x00000000899419c0}: Found class java.lang.Object, but interface was expected> (0x00000000899419c0) 
thrown [t:\workspace\open\src\hotspot\share\interpreter\linkResolver.cpp, line 833]
Event: 0.291 Thread 0x000001df9b8945d0 Exception <a 'java/lang/NoSuchMethodError'{0x00000000824e5098}: 'java.lang.Object java.lang.invoke.DirectMethodHandle$Holder.invokeStaticInit(java.lang.Object)'> (0x00000000824e5098) 
thrown [t:\workspace\open\src\hotspot\share\interpreter\linkResolver.cpp, line 766]
Event: 0.667 Thread 0x000001df99d4f440 Exception <a 'java/lang/NoSuchMethodError'{0x0000000082dbe5c8}: 'void java.lang.invoke.DirectMethodHandle$Holder.invokeStatic(java.lang.Object, java.lang.Object, java.lang.Object)'> (0x0000000082dbe5c8) 
thrown [t:\workspace\open\src\hotspot\share\interpreter\linkResolver.cpp, line 766]

VM Operations (20 events):
Event: 0.281 Executing VM operation: HandshakeAllThreads
Event: 0.281 Executing VM operation: HandshakeAllThreads done
Event: 0.288 Executing VM operation: HandshakeAllThreads
Event: 0.288 Executing VM operation: HandshakeAllThreads done
Event: 0.297 Executing VM operation: G1CollectForAllocation
Event: 0.299 Executing VM operation: G1CollectForAllocation done
Event: 0.328 Executing VM operation: G1CollectForAllocation
Event: 0.330 Executing VM operation: G1CollectForAllocation done
Event: 0.355 Executing VM operation: G1CollectForAllocation
Event: 0.357 Executing VM operation: G1CollectForAllocation done
Event: 0.366 Executing VM operation: G1CollectForAllocation
Event: 0.368 Executing VM operation: G1CollectForAllocation done
Event: 0.502 Executing VM operation: G1CollectFull
Event: 0.523 Executing VM operation: G1CollectFull done
Event: 0.556 Executing VM operation: HandshakeAllThreads
Event: 0.556 Executing VM operation: HandshakeAllThreads done
Event: 0.659 Executing VM operation: HandshakeAllThreads
Event: 0.659 Executing VM operation: HandshakeAllThreads done
Event: 1.670 Executing VM operation: Cleanup
Event: 1.670 Executing VM operation: Cleanup done

Events (20 events):
Event: 0.651 loading class java/lang/UnsatisfiedLinkError
Event: 0.652 loading class java/lang/UnsatisfiedLinkError done
Event: 0.656 Loaded shared library C:\Windows\System32\otdpfpjni.dll
Event: 0.664 loading class java/util/concurrent/LinkedBlockingQueue
Event: 0.664 loading class java/util/concurrent/LinkedBlockingQueue done
Event: 0.664 loading class java/util/concurrent/LinkedBlockingQueue$Node
Event: 0.664 loading class java/util/concurrent/LinkedBlockingQueue$Node done
Event: 0.665 loading class javax/swing/event/EventListenerList
Event: 0.665 loading class javax/swing/event/EventListenerList done
Event: 0.666 loading class java/util/EventObject
Event: 0.666 loading class java/util/EventObject done
Event: 0.671 Thread 0x000001df99d498d0 Thread added: 0x000001df99d498d0
Event: 4.902 Thread 0x000001df9cd0fdc0 Thread exited: 0x000001df9cd0fdc0
Event: 5.230 loading class java/util/concurrent/locks/AbstractQueuedSynchronizer$ExclusiveNode
Event: 5.230 loading class java/util/concurrent/locks/AbstractQueuedSynchronizer$ExclusiveNode done
Event: 5.230 Thread 0x000001df99d498d0 Thread exited: 0x000001df99d498d0
Event: 5.231 loading class java/lang/IndexOutOfBoundsException
Event: 5.231 loading class java/lang/IndexOutOfBoundsException done
Event: 5.234 Loaded shared library C:\Windows\System32\otfxjni.dll
Event: 5.247 Loaded shared library C:\Windows\System32\otmcjni.dll


Dynamic libraries:
0x00007ff6b8560000 - 0x00007ff6b857a000 	C:\Users\HP 4530s i5\AppData\Local\Programs\Python\Python310\python.exe
0x00007ffed5630000 - 0x00007ffed5827000 	C:\WINDOWS\SYSTEM32\ntdll.dll
0x00007ffed5530000 - 0x00007ffed55ed000 	C:\WINDOWS\System32\KERNEL32.DLL
0x00007ffed2f40000 - 0x00007ffed3236000 	C:\WINDOWS\System32\KERNELBASE.dll
0x00007ffed2d90000 - 0x00007ffed2e90000 	C:\WINDOWS\System32\ucrtbase.dll
0x00007ffeabf30000 - 0x00007ffeac37e000 	C:\Users\HP 4530s i5\AppData\Local\Programs\Python\Python310\python310.dll
0x00007ffecbb30000 - 0x00007ffecbb4b000 	C:\Users\HP 4530s i5\AppData\Local\Programs\Python\Python310\VCRUNTIME140.dll
0x00007ffed3690000 - 0x00007ffed36fb000 	C:\WINDOWS\System32\WS2_32.dll
0x00007ffed45e0000 - 0x00007ffed4706000 	C:\WINDOWS\System32\RPCRT4.dll
0x00007ffec0de0000 - 0x00007ffec0dea000 	C:\WINDOWS\SYSTEM32\VERSION.dll
0x00007ffed3970000 - 0x00007ffed3a1e000 	C:\WINDOWS\System32\ADVAPI32.dll
0x00007ffed52d0000 - 0x00007ffed536e000 	C:\WINDOWS\System32\msvcrt.dll
0x00007ffed5370000 - 0x00007ffed540c000 	C:\WINDOWS\System32\sechost.dll
0x00007ffed2630000 - 0x00007ffed2648000 	C:\WINDOWS\SYSTEM32\CRYPTSP.dll
0x00007ffed1cf0000 - 0x00007ffed1d24000 	C:\WINDOWS\system32\rsaenh.dll
0x00007ffed3660000 - 0x00007ffed3687000 	C:\WINDOWS\System32\bcrypt.dll
0x00007ffed2650000 - 0x00007ffed265c000 	C:\WINDOWS\SYSTEM32\CRYPTBASE.dll
0x00007ffed3360000 - 0x00007ffed33e2000 	C:\WINDOWS\System32\bcryptPrimitives.dll
0x000001df993c0000 - 0x000001df993cf000 	C:\Users\HP 4530s i5\AppData\Local\Programs\Python\Python310\python3.DLL
0x00007ffecbb10000 - 0x00007ffecbb21000 	C:\Users\HP 4530s i5\AppData\Local\Programs\Python\Python310\DLLs\_tkinter.pyd
0x00007ffeacf00000 - 0x00007ffead07b000 	C:\Users\HP 4530s i5\AppData\Local\Programs\Python\Python310\DLLs\tk86t.dll
0x00007ffeac960000 - 0x00007ffeacb2b000 	C:\Users\HP 4530s i5\AppData\Local\Programs\Python\Python310\DLLs\tcl86t.dll
0x00007ffed3af0000 - 0x00007ffed3b1c000 	C:\WINDOWS\System32\GDI32.dll
0x00007ffed4710000 - 0x00007ffed48ae000 	C:\WINDOWS\System32\USER32.dll
0x00007ffed2d60000 - 0x00007ffed2d82000 	C:\WINDOWS\System32\win32u.dll
0x00007ffed3240000 - 0x00007ffed335a000 	C:\WINDOWS\System32\gdi32full.dll
0x00007ffed33f0000 - 0x00007ffed348d000 	C:\WINDOWS\System32\msvcp_win.dll
0x00007ffec2580000 - 0x00007ffec2599000 	C:\WINDOWS\SYSTEM32\NETAPI32.dll
0x00007ffed3bc0000 - 0x00007ffed4304000 	C:\WINDOWS\System32\SHELL32.dll
0x00007ffed2bc0000 - 0x00007ffed2bee000 	C:\WINDOWS\SYSTEM32\USERENV.dll
0x00007ffed4310000 - 0x00007ffed43ea000 	C:\WINDOWS\System32\COMDLG32.dll
0x00007ffed4f70000 - 0x00007ffed52c4000 	C:\WINDOWS\System32\combase.dll
0x00007ffed38c0000 - 0x00007ffed396d000 	C:\WINDOWS\System32\shcore.dll
0x00007ffed5410000 - 0x00007ffed5465000 	C:\WINDOWS\System32\SHLWAPI.dll
0x00007ffed2110000 - 0x00007ffed2154000 	C:\WINDOWS\SYSTEM32\LOGONCLI.DLL
0x00007ffed4450000 - 0x00007ffed457b000 	C:\WINDOWS\System32\ole32.dll
0x00007ffecb2d0000 - 0x00007ffecb2e9000 	C:\WINDOWS\SYSTEM32\SAMCLI.DLL
0x00007ffed4e20000 - 0x00007ffed4e50000 	C:\WINDOWS\System32\IMM32.dll
0x00007ffec84d0000 - 0x00007ffec876a000 	C:\WINDOWS\WinSxS\amd64_microsoft.windows.common-controls_6595b64144ccf1df_6.0.19041.3570_none_60bb2a3971f3e41a\COMCTL32.dll
0x00007ffed2160000 - 0x00007ffed216c000 	C:\WINDOWS\SYSTEM32\NETUTILS.DLL
0x00007ffecbaf0000 - 0x00007ffecbb05000 	C:\Users\HP 4530s i5\AppData\Local\Programs\Python\Python310\DLLs\_bz2.pyd
0x00007ffecbac0000 - 0x00007ffecbae8000 	C:\Users\HP 4530s i5\AppData\Local\Programs\Python\Python310\DLLs\_lzma.pyd
0x00007ffea22b0000 - 0x00007ffea24ff000 	C:\Users\HP 4530s i5\AppData\Local\Programs\Python\Python310\lib\site-packages\PIL\_imaging.cp310-win_amd64.pyd
0x00007ffecbaa0000 - 0x00007ffecbab9000 	C:\Users\HP 4530s i5\AppData\Local\Programs\Python\Python310\DLLs\_sqlite3.pyd
0x00007ffeacc80000 - 0x00007ffeacdea000 	C:\Users\HP 4530s i5\AppData\Local\Programs\Python\Python310\DLLs\sqlite3.dll
0x00007ffed0330000 - 0x00007ffed03ce000 	C:\WINDOWS\system32\uxtheme.dll
0x00007ffed4e50000 - 0x00007ffed4f64000 	C:\WINDOWS\System32\MSCTF.dll
0x00007ffed3a20000 - 0x00007ffed3aed000 	C:\WINDOWS\System32\OLEAUT32.dll
0x00007ffecb6a0000 - 0x00007ffecb6aa000 	C:\Users\HP 4530s i5\AppData\Local\Programs\Python\Python310\tcl\reg1.3\tclreg13.dll
0x00007ffecb690000 - 0x00007ffecb699000 	C:\Users\HP 4530s i5\AppData\Local\Programs\Python\Python310\lib\site-packages\PIL\_imagingtk.cp310-win_amd64.pyd
0x00007ffed38b0000 - 0x00007ffed38b8000 	C:\WINDOWS\System32\PSAPI.DLL
0x00007ffed18b0000 - 0x00007ffed18c2000 	C:\WINDOWS\SYSTEM32\kernel.appcore.dll
0x00007ffec7070000 - 0x00007ffec716a000 	C:\WINDOWS\SYSTEM32\textinputframework.dll
0x00007ffecfc00000 - 0x00007ffecff5b000 	C:\WINDOWS\System32\CoreUIComponents.dll
0x00007ffecff60000 - 0x00007ffed0052000 	C:\WINDOWS\System32\CoreMessaging.dll
0x00007ffed1e10000 - 0x00007ffed1e43000 	C:\WINDOWS\SYSTEM32\ntmarta.dll
0x00007ffecf500000 - 0x00007ffecf655000 	C:\WINDOWS\SYSTEM32\wintypes.dll
0x00007ffeb2cd0000 - 0x00007ffeb2d44000 	C:\Users\HP 4530s i5\AppData\Local\Programs\Python\Python310\lib\site-packages\_jpype.cp310-win_amd64.pyd
0x00007ffeaed00000 - 0x00007ffeaed8e000 	C:\WINDOWS\SYSTEM32\MSVCP140.dll
0x00007ffecb680000 - 0x00007ffecb68c000 	C:\Users\HP 4530s i5\AppData\Local\Programs\Python\Python310\VCRUNTIME140_1.dll
0x00007ffeaf050000 - 0x00007ffeaf08f000 	C:\Users\HP 4530s i5\AppData\Local\Programs\Python\Python310\DLLs\_decimal.pyd
0x00007ffea5d70000 - 0x00007ffea6931000 	C:\Program Files\Java\jdk-17.0.2\bin\server\jvm.dll
0x00007ffeccc90000 - 0x00007ffeccc99000 	C:\WINDOWS\SYSTEM32\WSOCK32.dll
0x00007ffec5790000 - 0x00007ffec57b7000 	C:\WINDOWS\SYSTEM32\WINMM.dll
0x00007ffecb850000 - 0x00007ffecb85a000 	C:\Program Files\Java\jdk-17.0.2\bin\jimage.dll
0x00007ffec1030000 - 0x00007ffec1214000 	C:\WINDOWS\SYSTEM32\DBGHELP.DLL
0x00007ffec0ff0000 - 0x00007ffec1024000 	C:\WINDOWS\SYSTEM32\dbgcore.DLL
0x00007ffec50c0000 - 0x00007ffec50e5000 	C:\Program Files\Java\jdk-17.0.2\bin\java.dll
0x00007ffeb20a0000 - 0x00007ffeb2176000 	C:\Program Files\Java\jdk-17.0.2\bin\jsvml.dll
0x00007ffed0b30000 - 0x00007ffed12cb000 	C:\WINDOWS\SYSTEM32\windows.storage.dll
0x00007ffed26e0000 - 0x00007ffed270d000 	C:\WINDOWS\System32\Wldp.dll
0x00007ffed2c40000 - 0x00007ffed2c65000 	C:\WINDOWS\SYSTEM32\profapi.dll
0x00007ffec7f90000 - 0x00007ffec7fa9000 	C:\Program Files\Java\jdk-17.0.2\bin\net.dll
0x00007ffecc110000 - 0x00007ffecc21a000 	C:\WINDOWS\SYSTEM32\WINHTTP.dll
0x00007ffed23e0000 - 0x00007ffed244a000 	C:\WINDOWS\system32\mswsock.dll
0x00007ffec4250000 - 0x00007ffec4266000 	C:\Program Files\Java\jdk-17.0.2\bin\nio.dll
0x00007ffec41a0000 - 0x00007ffec41b8000 	C:\Program Files\Java\jdk-17.0.2\bin\zip.dll
0x00007ffec5060000 - 0x00007ffec5070000 	C:\Program Files\Java\jdk-17.0.2\bin\verify.dll
0x0000000010000000 - 0x000000001000e000 	C:\Windows\System32\otdpfpjni.dll
0x0000000068fa0000 - 0x00000000690a9000 	C:\WINDOWS\WinSxS\amd64_microsoft.vc80.crt_1fc8b3b9a1e18e3b_8.0.50727.9672_none_88e266cb2fac7c0d\MSVCP80.dll
0x00000000690b0000 - 0x0000000069179000 	C:\WINDOWS\WinSxS\amd64_microsoft.vc80.crt_1fc8b3b9a1e18e3b_8.0.50727.9672_none_88e266cb2fac7c0d\MSVCR80.dll
0x0000000000210000 - 0x0000000000297000 	C:\WINDOWS\SYSTEM32\DPFPApi.DLL
0x00007ffed3490000 - 0x00007ffed35ed000 	C:\WINDOWS\System32\CRYPT32.dll
0x00000000002a0000 - 0x00000000002f9000 	C:\WINDOWS\system32\DPCLBACK.dll
0x00007ffed28e0000 - 0x00007ffed28f2000 	C:\WINDOWS\SYSTEM32\MSASN1.dll
0x0000000000300000 - 0x0000000000309000 	C:\Windows\System32\otfxjni.dll
0x00007ffec5110000 - 0x00007ffec512f000 	C:\WINDOWS\SYSTEM32\dpHFtrEx.dll
0x0000000000310000 - 0x000000000031a000 	C:\Windows\System32\otmcjni.dll
0x00007ffeae8a0000 - 0x00007ffeae8d2000 	C:\WINDOWS\SYSTEM32\dpHMatch.dll

dbghelp: loaded successfully - version: 4.0.5 - missing functions: none
symbol engine: initialized successfully - sym options: 0x614 - pdb path: .;C:\Users\HP 4530s i5\AppData\Local\Programs\Python\Python310;C:\WINDOWS\SYSTEM32;C:\Users\HP 4530s i5\AppData\Local\Programs\Python\Python310\DLLs;C:\WINDOWS\WinSxS\amd64_microsoft.windows.common-controls_6595b64144ccf1df_6.0.19041.3570_none_60bb2a3971f3e41a;C:\Users\HP 4530s i5\AppData\Local\Programs\Python\Python310\lib\site-packages\PIL;C:\Users\HP 4530s i5\AppData\Local\Programs\Python\Python310\tcl\reg1.3;C:\Users\HP 4530s i5\AppData\Local\Programs\Python\Python310\lib\site-packages;C:\Program Files\Java\jdk-17.0.2\bin\server;C:\Program Files\Java\jdk-17.0.2\bin;C:\WINDOWS\WinSxS\amd64_microsoft.vc80.crt_1fc8b3b9a1e18e3b_8.0.50727.9672_none_88e266cb2fac7c0d

VM Arguments:
java_command: <unknown>
java_class_path (initial): FReader.jar
Launcher Type: generic

[Global flags]
     intx CICompilerCount                          = 3                                         {product} {ergonomic}
     uint ConcGCThreads                            = 1                                         {product} {ergonomic}
     uint G1ConcRefinementThreads                  = 4                                         {product} {ergonomic}
   size_t G1HeapRegionSize                         = 1048576                                   {product} {ergonomic}
    uintx GCDrainStackTargetSize                   = 64                                        {product} {ergonomic}
   size_t InitialHeapSize                          = 134217728                                 {product} {ergonomic}
   size_t MarkStackSize                            = 4194304                                   {product} {ergonomic}
   size_t MaxHeapSize                              = 2118123520                                {product} {ergonomic}
   size_t MaxNewSize                               = 1270874112                                {product} {ergonomic}
   size_t MinHeapDeltaBytes                        = 1048576                                   {product} {ergonomic}
   size_t MinHeapSize                              = 8388608                                   {product} {ergonomic}
    uintx NonNMethodCodeHeapSize                   = 5832780                                {pd product} {ergonomic}
    uintx NonProfiledCodeHeapSize                  = 122912730                              {pd product} {ergonomic}
    uintx ProfiledCodeHeapSize                     = 122912730                              {pd product} {ergonomic}
    uintx ReservedCodeCacheSize                    = 251658240                              {pd product} {ergonomic}
     bool SegmentedCodeCache                       = true                                      {product} {ergonomic}
   size_t SoftMaxHeapSize                          = 2118123520                             {manageable} {ergonomic}
     bool UseCompressedClassPointers               = true                           {product lp64_product} {ergonomic}
     bool UseCompressedOops                        = true                           {product lp64_product} {ergonomic}
     bool UseG1GC                                  = true                                      {product} {ergonomic}
     bool UseLargePagesIndividualAllocation        = false                                  {pd product} {ergonomic}

Logging:
Log output configuration:
 #0: stdout all=warning uptime,level,tags
 #1: stderr all=off uptime,level,tags

Environment Variables:
JAVA_HOME=C:\Program Files\Java\jdk-17.0.2\
PATH=C:\Program Files\Common Files\Oracle\Java\javapath;C:\WINDOWS\system32;C:\WINDOWS;C:\WINDOWS\System32\Wbem;C:\WINDOWS\System32\WindowsPowerShell\v1.0\;C:\WINDOWS\System32\OpenSSH\;C:\Program Files\Git\cmd;C:\Users\HP 4530s i5\Documents\exe files\apache-maven-3.8.5\bin;C:\Users\HP 4530s i5\Documents\exe files\spring-2.3.9.RELEASE\bin;C:\MinGW\bin;C:\Program Files\nodejs\;C:\Program Files\dotnet\;C:\Program Files\Microchip\xc8\v2.36\bin;C:\Users\HP 4530s i5\AppData\Local\Programs\Python\Python310\Scripts\;C:\Users\HP 4530s i5\AppData\Local\Programs\Python\Python310\;C:\Users\HP 4530s i5\AppData\Local\Microsoft\WindowsApps;C:\Program Files\Java\jdk-17.0.2\bin;C:\Program Files\heroku\bin;C:\Program Files\JetBrains\PyCharm Community Edition 2022.1\bin;;C:\Users\HP 4530s i5\AppData\Roaming\npm;C:\Users\HP 4530s i5\AppData\Local\Programs\Microsoft VS Code\bin
USERNAME=HP 4530s i5
OS=Windows_NT
PROCESSOR_IDENTIFIER=Intel64 Family 6 Model 42 Stepping 7, GenuineIntel



---------------  S Y S T E M  ---------------

OS:
 Windows 10 , 64 bit Build 19041 (10.0.19041.3570)
OS uptime: 6 days 15:22 hours

CPU: total 4 (initial active 4) (2 cores per cpu, 2 threads per core) family 6 model 42 stepping 7 microcode 0x2f, cx8, cmov, fxsr, ht, mmx, sse, sse2, sse3, ssse3, sse4.1, sse4.2, popcnt, tsc, tscinvbit, avx, aes, clmul, vzeroupper, clflush

Memory: 4k page, system-wide physical 8074M (2583M free)
TotalPageFile size 9354M (AvailPageFile size 3158M)
current process WorkingSet (physical memory assigned to process): 84M, peak: 116M
current process commit charge ("private bytes"): 122M, peak: 234M

vm_info: Java HotSpot(TM) 64-Bit Server VM (17.0.2+8-LTS-86) for windows-amd64 JRE (17.0.2+8-LTS-86), built on Dec  7 2021 21:51:03 by "mach5one" with MS VC++ 16.8 / 16.9 (VS2019)

END.
