#
# A fatal error has been detected by the Java Runtime Environment:
#
#  EXCEPTION_ACCESS_VIOLATION (0xc0000005) at pc=0x00007ffea5d7bf00, pid=7096, tid=5172
#
# JRE version: Java(TM) SE Runtime Environment (17.0.2+8) (build 17.0.2+8-LTS-86)
# Java VM: Java HotSpot(TM) 64-Bit Server VM (17.0.2+8-LTS-86, mixed mode, sharing, tiered, compressed oops, compressed class ptrs, g1 gc, windows-amd64)
# Problematic frame:
# V  [jvm.dll+0xbf00]
#
# No core dump will be written. Minidumps are not enabled by default on client versions of Windows
#
# If you would like to submit a bug report, please visit:
#   https://bugreport.java.com/bugreport/crash.jsp
#

---------------  S U M M A R Y ------------

Command Line: 

Host: Intel(R) Core(TM) i5-2520M CPU @ 2.50GHz, 4 cores, 7G,  Windows 10 , 64 bit Build 19041 (10.0.19041.3570)
Time: Mon Jan 15 12:00:05 2024 W. Central Africa Standard Time elapsed time: 4.287415 seconds (0d 0h 0m 4s)

---------------  T H R E A D  ---------------

Current thread (0x000002b5b4871db0):  JavaThread "pool-1-thread-1" [_thread_in_vm, id=5172, stack(0x000000d394400000,0x000000d3945f0000)]

Stack: [0x000000d394400000,0x000000d3945f0000],  sp=0x000000d3945ef228,  free space=1980k
Native frames: (J=compiled Java code, j=interpreted, Vv=VM code, C=native code)
V  [jvm.dll+0xbf00]

Java frames: (J=compiled Java code, j=interpreted, Vv=VM code)
j  com.digitalpersona.onetouch.jni.Matcher.verify([B[B)Lcom/digitalpersona/onetouch/jni/VerificationResult;+0
j  com.digitalpersona.onetouch.verification._impl.DPFPVerificationFactoryImpl$VerificationImpl.verify(Lcom/digitalpersona/onetouch/DPFPFeatureSet;Lcom/digitalpersona/onetouch/DPFPTemplate;)Lcom/digitalpersona/onetouch/verification/DPFPVerificationResult;+16
j  com.OmolayoSeun.ConsoleUserInterfaceFactory$ConsoleUserInterface.verify(Ljava/lang/String;)V+97
j  com.OmolayoSeun.ConsoleUserInterfaceFactory$ConsoleUserInterface.run()V+68
j  java.util.concurrent.ThreadPoolExecutor.runWorker(Ljava/util/concurrent/ThreadPoolExecutor$Worker;)V+92 java.base@17.0.2
j  java.util.concurrent.ThreadPoolExecutor$Worker.run()V+5 java.base@17.0.2
j  java.lang.Thread.run()V+11 java.base@17.0.2
v  ~StubRoutines::call_stub

siginfo: EXCEPTION_ACCESS_VIOLATION (0xc0000005), reading address 0x0000000000000000


Register to memory mapping:

RIP=0x00007ffea5d7bf00 jvm.dll
RAX=0x0 is NULL
RBX=0x000002b5b4871db0 is a thread
RCX=0x0 is NULL
RDX=0x0 is NULL
RSP=0x000000d3945ef228 is pointing into the stack for thread: 0x000002b5b4871db0
RBP=0x000000d3945ef3d0 is pointing into the stack for thread: 0x000002b5b4871db0
RSI=0x000000d3945ef3f0 is pointing into the stack for thread: 0x000002b5b4871db0
RDI=0x0 is NULL
R8 =0x0000000000000008 is an unknown value
R9 =0x00007ffec51113fd VCRUNTIME140.dll
R10=0x00007ffec5110000 VCRUNTIME140.dll
R11=0x000002b5d688aee0 is pointing into metadata
R12=0x0 is NULL
R13=0x0 is NULL
R14=0x000000d3945ef400 is pointing into the stack for thread: 0x000002b5b4871db0
R15=0x000002b5b4871db0 is a thread


Registers:
RAX=0x0000000000000000, RBX=0x000002b5b4871db0, RCX=0x0000000000000000, RDX=0x0000000000000000
RSP=0x000000d3945ef228, RBP=0x000000d3945ef3d0, RSI=0x000000d3945ef3f0, RDI=0x0000000000000000
R8 =0x0000000000000008, R9 =0x00007ffec51113fd, R10=0x00007ffec5110000, R11=0x000002b5d688aee0
R12=0x0000000000000000, R13=0x0000000000000000, R14=0x000000d3945ef400, R15=0x000002b5b4871db0
RIP=0x00007ffea5d7bf00, EFLAGS=0x0000000000010246

Top of Stack: (sp=0x000000d3945ef228)
0x000000d3945ef228:   00007ffea6152789 000002b5b4871db0
0x000000d3945ef238:   0000000000000000 000002b5b4871db0
0x000000d3945ef248:   000000d3945ef400 000002b5d6ef7e40
0x000000d3945ef258:   0000000000d61ac6 000002b5b4872058
0x000000d3945ef268:   000000d3945ef3f0 000000d3945ef3f0
0x000000d3945ef278:   000002b5b4871db0 000000d3945ef2e0
0x000000d3945ef288:   000002b500000003 000002b5b7744680
0x000000d3945ef298:   0000002800000003 000002b5b4871db0
0x000000d3945ef2a8:   000000d3945ef400 0000000000000000
0x000000d3945ef2b8:   000002b5bfa594fe 0000000000000000
0x000000d3945ef2c8:   0000000000000000 000000d3945ef3d0
0x000000d3945ef2d8:   00007ffea60ee672 000002b5da1c5dc0
0x000000d3945ef2e8:   fffffffffffffffe 000002b5b4871db0
0x000000d3945ef2f8:   000002b5b4871db0 000002b5d688b5f8
0x000000d3945ef308:   000002b5b4871db0 000002b5b4871db0
0x000000d3945ef318:   000000d3945ef400 000002b5d688b5f0 

Instructions: (pc=0x00007ffea5d7bf00)
0x00007ffea5d7be00:   1c f2 a6 00 48 83 c4 20 5b 48 ff e0 48 8d 05 ed
0x00007ffea5d7be10:   00 00 00 48 8b cb 48 89 05 03 f2 a6 00 48 83 c4
0x00007ffea5d7be20:   20 5b 48 ff e0 48 8d 05 d4 00 00 00 48 8b cb 48
0x00007ffea5d7be30:   89 05 ea f1 a6 00 48 83 c4 20 5b 48 ff e0 48 8b
0x00007ffea5d7be40:   0d cb e3 ac 00 8b 51 10 83 ea 01 0f 84 91 00 00
0x00007ffea5d7be50:   00 83 ea 01 74 73 83 ea 01 74 55 83 fa 01 74 37
0x00007ffea5d7be60:   4c 8d 0d d1 3c 82 00 41 b8 e9 00 00 00 48 8d 15
0x00007ffea5d7be70:   fc 3c 82 00 b9 00 00 00 e0 e8 02 6a 23 00 e8 9d
0x00007ffea5d7be80:   48 66 00 33 c0 48 8b cb 48 89 05 91 f1 a6 00 48
0x00007ffea5d7be90:   83 c4 20 5b 48 ff e0 48 8d 05 72 00 00 00 48 8b
0x00007ffea5d7bea0:   cb 48 89 05 78 f1 a6 00 48 83 c4 20 5b 48 ff e0
0x00007ffea5d7beb0:   48 8d 05 49 00 00 00 48 8b cb 48 89 05 5f f1 a6
0x00007ffea5d7bec0:   00 48 83 c4 20 5b 48 ff e0 48 8d 05 30 00 00 00
0x00007ffea5d7bed0:   48 8b cb 48 89 05 46 f1 a6 00 48 83 c4 20 5b 48
0x00007ffea5d7bee0:   ff e0 48 8d 05 17 00 00 00 48 8b cb 48 89 05 2d
0x00007ffea5d7bef0:   f1 a6 00 48 83 c4 20 5b 48 ff e0 cc cc cc cc cc
0x00007ffea5d7bf00:   48 8b 01 c3 cc cc cc cc cc cc cc cc cc cc cc cc
0x00007ffea5d7bf10:   48 89 5c 24 08 57 48 83 ec 20 48 8b 39 48 8b d9
0x00007ffea5d7bf20:   48 85 3d e1 bf b1 00 75 0e 48 8b c7 48 8b 5c 24
0x00007ffea5d7bf30:   30 48 83 c4 20 5f c3 48 8b cf e8 11 53 7f 00 48
0x00007ffea5d7bf40:   8b d0 48 85 c0 74 20 48 8b c7 f0 48 0f b1 13 74
0x00007ffea5d7bf50:   16 48 85 05 b0 bf b1 00 74 0d 48 8b c8 f0 48 0f
0x00007ffea5d7bf60:   b1 13 48 3b c1 75 ea 48 8b 5c 24 30 48 8b c2 48
0x00007ffea5d7bf70:   83 c4 20 5f c3 cc cc cc cc cc cc cc cc cc cc cc
0x00007ffea5d7bf80:   8b 44 24 30 45 03 c9 44 2b 4c 24 28 83 c0 0b 44
0x00007ffea5d7bf90:   03 ca 45 03 c8 41 03 c1 c3 cc cc cc cc cc cc cc
0x00007ffea5d7bfa0:   48 8b 41 08 0f b7 48 2a 0f b7 40 28 83 c0 48 03
0x00007ffea5d7bfb0:   c1 c3 cc cc cc cc cc cc cc cc cc cc cc cc cc cc
0x00007ffea5d7bfc0:   48 89 5c 24 08 57 48 83 ec 20 0f b6 05 1f c7 b1
0x00007ffea5d7bfd0:   00 48 8b fa 48 8b d9 84 c0 74 4f 48 85 15 26 bf
0x00007ffea5d7bfe0:   b1 00 74 38 48 8b ca e8 74 55 7f 00 48 8b d0 48
0x00007ffea5d7bff0:   85 db 74 25 48 85 c0 74 20 48 8b c7 f0 48 0f b1 


Stack slot to memory mapping:
stack at sp + 0 slots: 0x00007ffea6152789 jvm.dll
stack at sp + 1 slots: 0x000002b5b4871db0 is a thread
stack at sp + 2 slots: 0x0 is NULL
stack at sp + 3 slots: 0x000002b5b4871db0 is a thread
stack at sp + 4 slots: 0x000000d3945ef400 is pointing into the stack for thread: 0x000002b5b4871db0
stack at sp + 5 slots: 0x000002b5d6ef7e40 points into unknown readable memory: 0x0000000082ef3550 | 50 35 ef 82 00 00 00 00
stack at sp + 6 slots: 0x0000000000d61ac6 otmcjni.dll
stack at sp + 7 slots: 0x000002b5b4872058 points into unknown readable memory: 0x00007ffea67f5640 | 40 56 7f a6 fe 7f 00 00


---------------  P R O C E S S  ---------------

Threads class SMR info:
_java_thread_list=0x000002b5d71204f0, length=14, elements={
0x000002b5b3f899b0, 0x000002b5b7734d40, 0x000002b5b7737220, 0x000002b5b7741ed0,
0x000002b5b77423a0, 0x000002b5b7742c80, 0x000002b5b7743d60, 0x000002b5b774d0a0,
0x000002b5b77507a0, 0x000002b5b775d9f0, 0x000002b5d6cc1aa0, 0x000002b5d6cc9760,
0x000002b5b486fc00, 0x000002b5b4871db0
}

Java Threads: ( => current thread )
  0x000002b5b3f899b0 JavaThread "main" [_thread_blocked, id=11924, stack(0x000000d391580000,0x000000d391770000)]
  0x000002b5b7734d40 JavaThread "Reference Handler" daemon [_thread_blocked, id=11156, stack(0x000000d392310000,0x000000d392500000)]
  0x000002b5b7737220 JavaThread "Finalizer" daemon [_thread_blocked, id=9796, stack(0x000000d392500000,0x000000d3926f0000)]
  0x000002b5b7741ed0 JavaThread "Signal Dispatcher" daemon [_thread_blocked, id=712, stack(0x000000d3926f0000,0x000000d3928e0000)]
  0x000002b5b77423a0 JavaThread "Attach Listener" daemon [_thread_blocked, id=9812, stack(0x000000d3928e0000,0x000000d392ad0000)]
  0x000002b5b7742c80 JavaThread "Service Thread" daemon [_thread_blocked, id=9784, stack(0x000000d392ad0000,0x000000d392cc0000)]
  0x000002b5b7743d60 JavaThread "Monitor Deflation Thread" daemon [_thread_blocked, id=872, stack(0x000000d392cc0000,0x000000d392eb0000)]
  0x000002b5b774d0a0 JavaThread "C2 CompilerThread0" daemon [_thread_blocked, id=428, stack(0x000000d392eb0000,0x000000d3930a0000)]
  0x000002b5b77507a0 JavaThread "C1 CompilerThread0" daemon [_thread_blocked, id=10692, stack(0x000000d3930a0000,0x000000d393290000)]
  0x000002b5b775d9f0 JavaThread "Sweeper thread" daemon [_thread_blocked, id=6824, stack(0x000000d393290000,0x000000d393480000)]
  0x000002b5d6cc1aa0 JavaThread "Notification Thread" daemon [_thread_blocked, id=2156, stack(0x000000d393480000,0x000000d393670000)]
  0x000002b5d6cc9760 JavaThread "Common-Cleaner" daemon [_thread_blocked, id=8316, stack(0x000000d393860000,0x000000d393a50000)]
  0x000002b5b486fc00 JavaThread "Python Reference Queue" daemon [_thread_blocked, id=5024, stack(0x000000d393a50000,0x000000d393c40000)]
=>0x000002b5b4871db0 JavaThread "pool-1-thread-1" [_thread_in_vm, id=5172, stack(0x000000d394400000,0x000000d3945f0000)]

Other Threads:
  0x000002b5b77331d0 VMThread "VM Thread" [stack: 0x000000d392120000,0x000000d392310000] [id=11628]
  0x000002b5d6cc2b80 WatcherThread [stack: 0x000000d393670000,0x000000d393860000] [id=2264]
  0x000002b5b7572590 GCTaskThread "GC Thread#0" [stack: 0x000000d391770000,0x000000d391960000] [id=12588]
  0x000002b5d6ee8f70 GCTaskThread "GC Thread#1" [stack: 0x000000d393c40000,0x000000d393e30000] [id=7956]
  0x000002b5d6ee9220 GCTaskThread "GC Thread#2" [stack: 0x000000d393e30000,0x000000d394020000] [id=12764]
  0x000002b5d6ef6f60 GCTaskThread "GC Thread#3" [stack: 0x000000d394020000,0x000000d394210000] [id=4548]
  0x000002b5b7582d20 ConcurrentGCThread "G1 Main Marker" [stack: 0x000000d391960000,0x000000d391b50000] [id=8876]
  0x000002b5b7583540 ConcurrentGCThread "G1 Conc#0" [stack: 0x000000d391b50000,0x000000d391d40000] [id=1904]
  0x000002b5b75de9a0 ConcurrentGCThread "G1 Refine#0" [stack: 0x000000d391d40000,0x000000d391f30000] [id=2420]
  0x000002b5b75e1ca0 ConcurrentGCThread "G1 Service" [stack: 0x000000d391f30000,0x000000d392120000] [id=3668]

Threads with active compile tasks:

VM state: not at safepoint (normal execution)

VM Mutex/Monitor currently owned by a thread: None

Heap address: 0x0000000081c00000, size: 2020 MB, Compressed Oops mode: 32-bit

CDS archive(s) mapped at: [0x0000000800000000-0x0000000800bc0000-0x0000000800bc0000), size 12320768, SharedBaseAddress: 0x0000000800000000, ArchiveRelocationMode: 0.
Compressed class space mapped at: 0x0000000800c00000-0x0000000840c00000, reserved size: 1073741824
Narrow klass base: 0x0000000800000000, Narrow klass shift: 0, Narrow klass range: 0x100000000

GC Precious Log:
 CPUs: 4 total, 4 available
 Memory: 8074M
 Large Page Support: Disabled
 NUMA Support: Disabled
 Compressed Oops: Enabled (32-bit)
 Heap Region Size: 1M
 Heap Min Capacity: 8M
 Heap Initial Capacity: 128M
 Heap Max Capacity: 2020M
 Pre-touch: Disabled
 Parallel Workers: 4
 Concurrent Workers: 1
 Concurrent Refinement Workers: 4
 Periodic GC: Disabled

Heap:
 garbage-first heap   total 20480K, used 6058K [0x0000000081c00000, 0x0000000100000000)
  region size 1024K, 3 young (3072K), 0 survivors (0K)
 Metaspace       used 3014K, committed 3136K, reserved 1056768K
  class space    used 314K, committed 384K, reserved 1048576K

Heap Regions: E=young(eden), S=young(survivor), O=old, HS=humongous(starts), HC=humongous(continues), CS=collection set, F=free, OA=open archive, CA=closed archive, TAMS=top-at-mark-start (previous, next)
|   0|0x0000000081c00000, 0x0000000081d00000, 0x0000000081d00000|100%| O|  |TAMS 0x0000000081c00000, 0x0000000081c00000| Untracked 
|   1|0x0000000081d00000, 0x0000000081e00000, 0x0000000081e00000|100%| O|  |TAMS 0x0000000081d00000, 0x0000000081d00000| Untracked 
|   2|0x0000000081e00000, 0x0000000081effff0, 0x0000000081f00000| 99%| O|  |TAMS 0x0000000081e00000, 0x0000000081e00000| Untracked 
|   3|0x0000000081f00000, 0x0000000081f69508, 0x0000000082000000| 41%| O|  |TAMS 0x0000000081f00000, 0x0000000081f00000| Untracked 
|   4|0x0000000082000000, 0x0000000082000000, 0x0000000082100000|  0%| F|  |TAMS 0x0000000082000000, 0x0000000082000000| Untracked 
|   5|0x0000000082100000, 0x0000000082100000, 0x0000000082200000|  0%| F|  |TAMS 0x0000000082100000, 0x0000000082100000| Untracked 
|   6|0x0000000082200000, 0x00000000822fffd0, 0x0000000082300000| 99%| O|  |TAMS 0x0000000082200000, 0x0000000082200000| Untracked 
|   7|0x0000000082300000, 0x0000000082381420, 0x0000000082400000| 50%| O|  |TAMS 0x0000000082300000, 0x0000000082300000| Untracked 
|   8|0x0000000082400000, 0x0000000082400000, 0x0000000082500000|  0%| F|  |TAMS 0x0000000082400000, 0x0000000082400000| Untracked 
|   9|0x0000000082500000, 0x0000000082500000, 0x0000000082600000|  0%| F|  |TAMS 0x0000000082500000, 0x0000000082500000| Untracked 
|  10|0x0000000082600000, 0x0000000082600000, 0x0000000082700000|  0%| F|  |TAMS 0x0000000082600000, 0x0000000082600000| Untracked 
|  11|0x0000000082700000, 0x0000000082700000, 0x0000000082800000|  0%| F|  |TAMS 0x0000000082700000, 0x0000000082700000| Untracked 
|  12|0x0000000082800000, 0x0000000082800000, 0x0000000082900000|  0%| F|  |TAMS 0x0000000082800000, 0x0000000082800000| Untracked 
|  13|0x0000000082900000, 0x0000000082900000, 0x0000000082a00000|  0%| F|  |TAMS 0x0000000082900000, 0x0000000082900000| Untracked 
|  14|0x0000000082a00000, 0x0000000082a00000, 0x0000000082b00000|  0%| F|  |TAMS 0x0000000082a00000, 0x0000000082a00000| Untracked 
|  15|0x0000000082b00000, 0x0000000082b00000, 0x0000000082c00000|  0%| F|  |TAMS 0x0000000082b00000, 0x0000000082b00000| Untracked 
|  16|0x0000000082c00000, 0x0000000082c00000, 0x0000000082d00000|  0%| F|  |TAMS 0x0000000082c00000, 0x0000000082c00000| Untracked 
|  17|0x0000000082d00000, 0x0000000082d86590, 0x0000000082e00000| 52%| E|  |TAMS 0x0000000082d00000, 0x0000000082d00000| Complete 
|  18|0x0000000082e00000, 0x0000000082efe180, 0x0000000082f00000| 99%| E|  |TAMS 0x0000000082e00000, 0x0000000082e00000| Complete 
|  19|0x0000000082f00000, 0x0000000083000000, 0x0000000083000000|100%| E|CS|TAMS 0x0000000082f00000, 0x0000000082f00000| Complete 

Card table byte_map: [0x000002b5cf480000,0x000002b5cf880000] _byte_map_base: 0x000002b5cf072000

Marking Bits (Prev, Next): (CMBitMap*) 0x000002b5b75729b0, (CMBitMap*) 0x000002b5b75729f0
 Prev Bits: [0x000002b5cfc80000, 0x000002b5d1c10000)
 Next Bits: [0x000002b5d1c10000, 0x000002b5d3ba0000)

Polling page: 0x000002b5b4060000

Metaspace:

Usage:
  Non-class:      2.64 MB used.
      Class:    314.51 KB used.
       Both:      2.94 MB used.

Virtual space:
  Non-class space:        8.00 MB reserved,       2.69 MB ( 34%) committed,  1 nodes.
      Class space:        1.00 GB reserved,     384.00 KB ( <1%) committed,  1 nodes.
             Both:        1.01 GB reserved,       3.06 MB ( <1%) committed. 

Chunk freelists:
   Non-Class:  3.44 MB
       Class:  3.64 MB
        Both:  7.08 MB

MaxMetaspaceSize: unlimited
CompressedClassSpaceSize: 1.00 GB
Initial GC threshold: 21.00 MB
Current GC threshold: 21.00 MB
CDS: on
MetaspaceReclaimPolicy: balanced
 - commit_granule_bytes: 65536.
 - commit_granule_words: 8192.
 - virtual_space_node_default_size: 1048576.
 - enlarge_chunks_in_place: 1.
 - new_chunks_are_fully_committed: 0.
 - uncommit_free_chunks: 1.
 - use_allocation_guard: 0.
 - handle_deallocations: 1.


Internal statistics:

num_allocs_failed_limit: 0.
num_arena_births: 40.
num_arena_deaths: 0.
num_vsnodes_births: 2.
num_vsnodes_deaths: 0.
num_space_committed: 49.
num_space_uncommitted: 0.
num_chunks_returned_to_freelist: 0.
num_chunks_taken_from_freelist: 83.
num_chunk_merges: 0.
num_chunk_splits: 49.
num_chunks_enlarged: 36.
num_purges: 0.
num_inconsistent_stats: 0.

CodeHeap 'non-profiled nmethods': size=120000Kb used=419Kb max_used=419Kb free=119580Kb
 bounds [0x000002b5c7520000, 0x000002b5c7790000, 0x000002b5cea50000]
CodeHeap 'profiled nmethods': size=120000Kb used=1618Kb max_used=1618Kb free=118381Kb
 bounds [0x000002b5bfff0000, 0x000002b5c0260000, 0x000002b5c7520000]
CodeHeap 'non-nmethods': size=5760Kb used=1146Kb max_used=1200Kb free=4613Kb
 bounds [0x000002b5bfa50000, 0x000002b5bfcc0000, 0x000002b5bfff0000]
 total_blobs=1427 nmethods=992 adapters=347
 compilation: enabled
              stopped_count=0, restarted_count=0
 full_count=0

Compilation events (20 events):
Event: 3.439 Thread 0x000002b5b77507a0  982       3       java.lang.String::toLowerCase (29 bytes)
Event: 3.439 Thread 0x000002b5b77507a0 nmethod 982 0x000002b5c0180290 code [0x000002b5c0180460, 0x000002b5c0180718]
Event: 3.762 Thread 0x000002b5b77507a0  984       3       java.util.jar.JarFile::maybeInstantiateVerifier (42 bytes)
Event: 3.762 Thread 0x000002b5b77507a0 nmethod 984 0x000002b5c0180810 code [0x000002b5c01809e0, 0x000002b5c0180d58]
Event: 3.765 Thread 0x000002b5b77507a0  986   !   3       java.util.zip.Inflater::inflate (418 bytes)
Event: 3.767 Thread 0x000002b5b77507a0 nmethod 986 0x000002b5c0180e90 code [0x000002b5c0181160, 0x000002b5c0182328]
Event: 3.767 Thread 0x000002b5b77507a0  988       1       java.net.URL::getPort (5 bytes)
Event: 3.767 Thread 0x000002b5b77507a0 nmethod 988 0x000002b5c7588990 code [0x000002b5c7588b20, 0x000002b5c7588bf8]
Event: 3.769 Thread 0x000002b5b77507a0  989       3       java.lang.StringLatin1::regionMatchesCI (98 bytes)
Event: 3.770 Thread 0x000002b5b77507a0 nmethod 989 0x000002b5c0182d10 code [0x000002b5c0182f40, 0x000002b5c0183698]
Event: 3.785 Thread 0x000002b5b77507a0  990       3       java.io.InputStream::<init> (5 bytes)
Event: 3.785 Thread 0x000002b5b77507a0 nmethod 990 0x000002b5c0183a10 code [0x000002b5c0183ba0, 0x000002b5c0183cf8]
Event: 3.785 Thread 0x000002b5b77507a0  991       3       java.lang.String::toLowerCase (8 bytes)
Event: 3.785 Thread 0x000002b5b77507a0 nmethod 991 0x000002b5c0183d90 code [0x000002b5c0183f60, 0x000002b5c01842f8]
Event: 3.785 Thread 0x000002b5b77507a0  992       3       java.util.Locale::getDefault (4 bytes)
Event: 3.785 Thread 0x000002b5b77507a0 nmethod 992 0x000002b5c0184410 code [0x000002b5c01845a0, 0x000002b5c0184698]
Event: 3.785 Thread 0x000002b5b77507a0  993       1       java.net.URLStreamHandler::getDefaultPort (2 bytes)
Event: 3.785 Thread 0x000002b5b77507a0 nmethod 993 0x000002b5c7588c90 code [0x000002b5c7588e20, 0x000002b5c7588ef8]
Event: 3.789 Thread 0x000002b5b77507a0  994       3       java.lang.Module::isNamed (13 bytes)
Event: 3.789 Thread 0x000002b5b77507a0 nmethod 994 0x000002b5c0184710 code [0x000002b5c01848a0, 0x000002b5c0184a18]

GC Heap History (12 events):
Event: 0.203 GC heap before
{Heap before GC invocations=0 (full 0):
 garbage-first heap   total 131072K, used 3072K [0x0000000081c00000, 0x0000000100000000)
  region size 1024K, 4 young (4096K), 0 survivors (0K)
 Metaspace       used 1299K, committed 1408K, reserved 1056768K
  class space    used 115K, committed 192K, reserved 1048576K
}
Event: 0.207 GC heap after
{Heap after GC invocations=1 (full 1):
 garbage-first heap   total 10240K, used 1058K [0x0000000081c00000, 0x0000000100000000)
  region size 1024K, 0 young (0K), 0 survivors (0K)
 Metaspace       used 1299K, committed 1408K, reserved 1056768K
  class space    used 115K, committed 192K, reserved 1048576K
}
Event: 0.303 GC heap before
{Heap before GC invocations=1 (full 1):
 garbage-first heap   total 10240K, used 3106K [0x0000000081c00000, 0x0000000100000000)
  region size 1024K, 2 young (2048K), 0 survivors (0K)
 Metaspace       used 1773K, committed 1920K, reserved 1056768K
  class space    used 157K, committed 256K, reserved 1048576K
}
Event: 0.304 GC heap after
{Heap after GC invocations=2 (full 1):
 garbage-first heap   total 10240K, used 1634K [0x0000000081c00000, 0x0000000100000000)
  region size 1024K, 1 young (1024K), 1 survivors (1024K)
 Metaspace       used 1773K, committed 1920K, reserved 1056768K
  class space    used 157K, committed 256K, reserved 1048576K
}
Event: 0.331 GC heap before
{Heap before GC invocations=2 (full 1):
 garbage-first heap   total 10240K, used 2658K [0x0000000081c00000, 0x0000000100000000)
  region size 1024K, 2 young (2048K), 1 survivors (1024K)
 Metaspace       used 1868K, committed 2048K, reserved 1056768K
  class space    used 166K, committed 256K, reserved 1048576K
}
Event: 0.333 GC heap after
{Heap after GC invocations=3 (full 1):
 garbage-first heap   total 10240K, used 1720K [0x0000000081c00000, 0x0000000100000000)
  region size 1024K, 1 young (1024K), 1 survivors (1024K)
 Metaspace       used 1868K, committed 2048K, reserved 1056768K
  class space    used 166K, committed 256K, reserved 1048576K
}
Event: 0.359 GC heap before
{Heap before GC invocations=3 (full 1):
 garbage-first heap   total 10240K, used 3768K [0x0000000081c00000, 0x0000000100000000)
  region size 1024K, 3 young (3072K), 1 survivors (1024K)
 Metaspace       used 1900K, committed 2048K, reserved 1056768K
  class space    used 166K, committed 256K, reserved 1048576K
}
Event: 0.361 GC heap after
{Heap after GC invocations=4 (full 1):
 garbage-first heap   total 10240K, used 1979K [0x0000000081c00000, 0x0000000100000000)
  region size 1024K, 1 young (1024K), 1 survivors (1024K)
 Metaspace       used 1900K, committed 2048K, reserved 1056768K
  class space    used 166K, committed 256K, reserved 1048576K
}
Event: 0.375 GC heap before
{Heap before GC invocations=4 (full 1):
 garbage-first heap   total 10240K, used 4027K [0x0000000081c00000, 0x0000000100000000)
  region size 1024K, 3 young (3072K), 1 survivors (1024K)
 Metaspace       used 1916K, committed 2112K, reserved 1056768K
  class space    used 166K, committed 256K, reserved 1048576K
}
Event: 0.376 GC heap after
{Heap after GC invocations=5 (full 1):
 garbage-first heap   total 70656K, used 2196K [0x0000000081c00000, 0x0000000100000000)
  region size 1024K, 1 young (1024K), 1 survivors (1024K)
 Metaspace       used 1916K, committed 2112K, reserved 1056768K
  class space    used 166K, committed 256K, reserved 1048576K
}
Event: 0.517 GC heap before
{Heap before GC invocations=5 (full 1):
 garbage-first heap   total 70656K, used 25748K [0x0000000081c00000, 0x0000000100000000)
  region size 1024K, 25 young (25600K), 1 survivors (1024K)
 Metaspace       used 1994K, committed 2176K, reserved 1056768K
  class space    used 166K, committed 256K, reserved 1048576K
}
Event: 0.538 GC heap after
{Heap after GC invocations=6 (full 2):
 garbage-first heap   total 20480K, used 5034K [0x0000000081c00000, 0x0000000100000000)
  region size 1024K, 0 young (0K), 0 survivors (0K)
 Metaspace       used 1994K, committed 2176K, reserved 1056768K
  class space    used 166K, committed 256K, reserved 1048576K
}

Deoptimization events (20 events):
Event: 0.544 Thread 0x000002b5b3f899b0 DEOPT PACKING pc=0x000002b5c755771c sp=0x000000d39176c9f0
Event: 0.544 Thread 0x000002b5b3f899b0 DEOPT UNPACKING pc=0x000002b5bfaa23a3 sp=0x000000d39176c950 mode 2
Event: 0.545 Thread 0x000002b5b3f899b0 Uncommon trap: trap_request=0xffffffbe fr.pc=0x000002b5c755771c relative=0x00000000000003fc
Event: 0.545 Thread 0x000002b5b3f899b0 Uncommon trap: reason=profile_predicate action=maybe_recompile pc=0x000002b5c755771c method=java.lang.StringLatin1.indexOf([BI[BII)I @ 18 c2
Event: 0.545 Thread 0x000002b5b3f899b0 DEOPT PACKING pc=0x000002b5c755771c sp=0x000000d39176c930
Event: 0.545 Thread 0x000002b5b3f899b0 DEOPT UNPACKING pc=0x000002b5bfaa23a3 sp=0x000000d39176c890 mode 2
Event: 0.545 Thread 0x000002b5b3f899b0 Uncommon trap: trap_request=0xffffff45 fr.pc=0x000002b5c75576c0 relative=0x00000000000003a0
Event: 0.545 Thread 0x000002b5b3f899b0 Uncommon trap: reason=unstable_if action=reinterpret pc=0x000002b5c75576c0 method=java.lang.StringLatin1.indexOf([BI[BII)I @ 91 c2
Event: 0.545 Thread 0x000002b5b3f899b0 DEOPT PACKING pc=0x000002b5c75576c0 sp=0x000000d39176c780
Event: 0.545 Thread 0x000002b5b3f899b0 DEOPT UNPACKING pc=0x000002b5bfaa23a3 sp=0x000000d39176c6e0 mode 2
Event: 0.576 Thread 0x000002b5b3f899b0 Uncommon trap: trap_request=0xffffff45 fr.pc=0x000002b5c754ba3c relative=0x000000000000061c
Event: 0.576 Thread 0x000002b5b3f899b0 Uncommon trap: reason=unstable_if action=reinterpret pc=0x000002b5c754ba3c method=java.lang.String.<init>([BIILjava/nio/charset/Charset;)V @ 329 c2
Event: 0.576 Thread 0x000002b5b3f899b0 DEOPT PACKING pc=0x000002b5c754ba3c sp=0x000000d39176c7a0
Event: 0.576 Thread 0x000002b5b3f899b0 DEOPT UNPACKING pc=0x000002b5bfaa23a3 sp=0x000000d39176c720 mode 2
Event: 0.625 Thread 0x000002b5b3f899b0 Uncommon trap: trap_request=0xffffffbe fr.pc=0x000002b5c7552b40 relative=0x0000000000000320
Event: 0.625 Thread 0x000002b5b3f899b0 Uncommon trap: reason=profile_predicate action=maybe_recompile pc=0x000002b5c7552b40 method=java.lang.StringLatin1.indexOf([BI[BII)I @ 30 c2
Event: 0.625 Thread 0x000002b5b3f899b0 DEOPT PACKING pc=0x000002b5c7552b40 sp=0x000000d39176c910
Event: 0.625 Thread 0x000002b5b3f899b0 DEOPT UNPACKING pc=0x000002b5bfaa23a3 sp=0x000000d39176c8a0 mode 2
Event: 0.647 Thread 0x000002b5b3f899b0 DEOPT PACKING pc=0x000002b5c015bce5 sp=0x000000d39176d440
Event: 0.647 Thread 0x000002b5b3f899b0 DEOPT UNPACKING pc=0x000002b5bfaa2b43 sp=0x000000d39176c890 mode 0

Classes unloaded (0 events):
No events

Classes redefined (0 events):
No events

Internal exceptions (5 events):
Event: 0.071 Thread 0x000002b5b3f899b0 Exception <a 'java/lang/NoClassDefFoundError'{0x0000000089a25420}: org/jpype/classloader/DynamicClassLoader> (0x0000000089a25420) 
thrown [t:\workspace\open\src\hotspot\share\classfile\systemDictionary.cpp, line 245]
Event: 0.143 Thread 0x000002b5b3f899b0 Exception <a 'java/lang/NoSuchMethodError'{0x000000008993e0e0}: 'java.lang.Object java.lang.invoke.DirectMethodHandle$Holder.invokeInterface(java.lang.Object, java.lang.Object)'> (0x000000008993e0e0) 
thrown [t:\workspace\open\src\hotspot\share\interpreter\linkResolver.cpp, line 766]
Event: 0.143 Thread 0x000002b5b3f899b0 Exception <a 'java/lang/IncompatibleClassChangeError'{0x0000000089941808}: Found class java.lang.Object, but interface was expected> (0x0000000089941808) 
thrown [t:\workspace\open\src\hotspot\share\interpreter\linkResolver.cpp, line 833]
Event: 0.298 Thread 0x000002b5b3f899b0 Exception <a 'java/lang/NoSuchMethodError'{0x00000000822e50e8}: 'java.lang.Object java.lang.invoke.DirectMethodHandle$Holder.invokeStaticInit(java.lang.Object)'> (0x00000000822e50e8) 
thrown [t:\workspace\open\src\hotspot\share\interpreter\linkResolver.cpp, line 766]
Event: 0.722 Thread 0x000002b5b4871db0 Exception <a 'java/lang/NoSuchMethodError'{0x0000000082eb8808}: 'void java.lang.invoke.DirectMethodHandle$Holder.invokeStatic(java.lang.Object, java.lang.Object, java.lang.Object)'> (0x0000000082eb8808) 
thrown [t:\workspace\open\src\hotspot\share\interpreter\linkResolver.cpp, line 766]

VM Operations (20 events):
Event: 0.288 Executing VM operation: HandshakeAllThreads
Event: 0.288 Executing VM operation: HandshakeAllThreads done
Event: 0.295 Executing VM operation: HandshakeAllThreads
Event: 0.295 Executing VM operation: HandshakeAllThreads done
Event: 0.303 Executing VM operation: G1CollectForAllocation
Event: 0.304 Executing VM operation: G1CollectForAllocation done
Event: 0.331 Executing VM operation: G1CollectForAllocation
Event: 0.333 Executing VM operation: G1CollectForAllocation done
Event: 0.359 Executing VM operation: G1CollectForAllocation
Event: 0.361 Executing VM operation: G1CollectForAllocation done
Event: 0.374 Executing VM operation: G1CollectForAllocation
Event: 0.377 Executing VM operation: G1CollectForAllocation done
Event: 0.517 Executing VM operation: G1CollectFull
Event: 0.539 Executing VM operation: G1CollectFull done
Event: 0.575 Executing VM operation: HandshakeAllThreads
Event: 0.575 Executing VM operation: HandshakeAllThreads done
Event: 0.711 Executing VM operation: HandshakeAllThreads
Event: 0.711 Executing VM operation: HandshakeAllThreads done
Event: 1.700 Executing VM operation: Cleanup
Event: 1.700 Executing VM operation: Cleanup done

Events (20 events):
Event: 0.683 loading class java/lang/UnsatisfiedLinkError
Event: 0.683 loading class java/lang/UnsatisfiedLinkError done
Event: 0.689 Loaded shared library C:\Windows\System32\otdpfpjni.dll
Event: 0.717 loading class java/util/concurrent/LinkedBlockingQueue
Event: 0.717 loading class java/util/concurrent/LinkedBlockingQueue done
Event: 0.718 loading class java/util/concurrent/LinkedBlockingQueue$Node
Event: 0.718 loading class java/util/concurrent/LinkedBlockingQueue$Node done
Event: 0.720 loading class javax/swing/event/EventListenerList
Event: 0.720 loading class javax/swing/event/EventListenerList done
Event: 0.721 loading class java/util/EventObject
Event: 0.721 loading class java/util/EventObject done
Event: 0.726 Thread 0x000002b5b486f730 Thread added: 0x000002b5b486f730
Event: 3.438 Thread 0x000002b5b774f870 Thread exited: 0x000002b5b774f870
Event: 3.763 loading class java/util/concurrent/locks/AbstractQueuedSynchronizer$ExclusiveNode
Event: 3.763 loading class java/util/concurrent/locks/AbstractQueuedSynchronizer$ExclusiveNode done
Event: 3.764 Thread 0x000002b5b486f730 Thread exited: 0x000002b5b486f730
Event: 3.764 loading class java/lang/IndexOutOfBoundsException
Event: 3.764 loading class java/lang/IndexOutOfBoundsException done
Event: 3.768 Loaded shared library C:\Windows\System32\otfxjni.dll
Event: 3.789 Loaded shared library C:\Windows\System32\otmcjni.dll


Dynamic libraries:
0x00007ff6b8560000 - 0x00007ff6b857a000 	C:\Users\HP 4530s i5\AppData\Local\Programs\Python\Python310\python.exe
0x00007ffed5630000 - 0x00007ffed5827000 	C:\WINDOWS\SYSTEM32\ntdll.dll
0x00007ffed5530000 - 0x00007ffed55ed000 	C:\WINDOWS\System32\KERNEL32.DLL
0x00007ffed2f40000 - 0x00007ffed3236000 	C:\WINDOWS\System32\KERNELBASE.dll
0x00007ffed2d90000 - 0x00007ffed2e90000 	C:\WINDOWS\System32\ucrtbase.dll
0x00007ffec5110000 - 0x00007ffec512b000 	C:\Users\HP 4530s i5\AppData\Local\Programs\Python\Python310\VCRUNTIME140.dll
0x00007ffeabf30000 - 0x00007ffeac37e000 	C:\Users\HP 4530s i5\AppData\Local\Programs\Python\Python310\python310.dll
0x00007ffed3690000 - 0x00007ffed36fb000 	C:\WINDOWS\System32\WS2_32.dll
0x00007ffed45e0000 - 0x00007ffed4706000 	C:\WINDOWS\System32\RPCRT4.dll
0x00007ffec0de0000 - 0x00007ffec0dea000 	C:\WINDOWS\SYSTEM32\VERSION.dll
0x00007ffed52d0000 - 0x00007ffed536e000 	C:\WINDOWS\System32\msvcrt.dll
0x00007ffed3970000 - 0x00007ffed3a1e000 	C:\WINDOWS\System32\ADVAPI32.dll
0x00007ffed5370000 - 0x00007ffed540c000 	C:\WINDOWS\System32\sechost.dll
0x00007ffed2630000 - 0x00007ffed2648000 	C:\WINDOWS\SYSTEM32\CRYPTSP.dll
0x00007ffed1cf0000 - 0x00007ffed1d24000 	C:\WINDOWS\system32\rsaenh.dll
0x00007ffed3660000 - 0x00007ffed3687000 	C:\WINDOWS\System32\bcrypt.dll
0x00007ffed2650000 - 0x00007ffed265c000 	C:\WINDOWS\SYSTEM32\CRYPTBASE.dll
0x00007ffed3360000 - 0x00007ffed33e2000 	C:\WINDOWS\System32\bcryptPrimitives.dll
0x000002b5b3e10000 - 0x000002b5b3e1f000 	C:\Users\HP 4530s i5\AppData\Local\Programs\Python\Python310\python3.DLL
0x00007ffec28a0000 - 0x00007ffec28b1000 	C:\Users\HP 4530s i5\AppData\Local\Programs\Python\Python310\DLLs\_tkinter.pyd
0x00007ffeaceb0000 - 0x00007ffead07b000 	C:\Users\HP 4530s i5\AppData\Local\Programs\Python\Python310\DLLs\tcl86t.dll
0x00007ffeacc70000 - 0x00007ffeacdeb000 	C:\Users\HP 4530s i5\AppData\Local\Programs\Python\Python310\DLLs\tk86t.dll
0x00007ffed4710000 - 0x00007ffed48ae000 	C:\WINDOWS\System32\USER32.dll
0x00007ffed3af0000 - 0x00007ffed3b1c000 	C:\WINDOWS\System32\GDI32.dll
0x00007ffed3240000 - 0x00007ffed335a000 	C:\WINDOWS\System32\gdi32full.dll
0x00007ffed2d60000 - 0x00007ffed2d82000 	C:\WINDOWS\System32\win32u.dll
0x00007ffed33f0000 - 0x00007ffed348d000 	C:\WINDOWS\System32\msvcp_win.dll
0x00007ffed3bc0000 - 0x00007ffed4304000 	C:\WINDOWS\System32\SHELL32.dll
0x00007ffec2580000 - 0x00007ffec2599000 	C:\WINDOWS\SYSTEM32\NETAPI32.dll
0x00007ffed4310000 - 0x00007ffed43ea000 	C:\WINDOWS\System32\COMDLG32.dll
0x00007ffed4f70000 - 0x00007ffed52c4000 	C:\WINDOWS\System32\combase.dll
0x00007ffed2bc0000 - 0x00007ffed2bee000 	C:\WINDOWS\SYSTEM32\USERENV.dll
0x00007ffed38c0000 - 0x00007ffed396d000 	C:\WINDOWS\System32\shcore.dll
0x00007ffed5410000 - 0x00007ffed5465000 	C:\WINDOWS\System32\SHLWAPI.dll
0x00007ffed4450000 - 0x00007ffed457b000 	C:\WINDOWS\System32\ole32.dll
0x00007ffed2110000 - 0x00007ffed2154000 	C:\WINDOWS\SYSTEM32\LOGONCLI.DLL
0x00007ffec84d0000 - 0x00007ffec876a000 	C:\WINDOWS\WinSxS\amd64_microsoft.windows.common-controls_6595b64144ccf1df_6.0.19041.3570_none_60bb2a3971f3e41a\COMCTL32.dll
0x00007ffed4e20000 - 0x00007ffed4e50000 	C:\WINDOWS\System32\IMM32.dll
0x00007ffecb2d0000 - 0x00007ffecb2e9000 	C:\WINDOWS\SYSTEM32\SAMCLI.DLL
0x00007ffed2160000 - 0x00007ffed216c000 	C:\WINDOWS\SYSTEM32\NETUTILS.DLL
0x00007ffebdc30000 - 0x00007ffebdc45000 	C:\Users\HP 4530s i5\AppData\Local\Programs\Python\Python310\DLLs\_bz2.pyd
0x00007ffeb1cd0000 - 0x00007ffeb1cf8000 	C:\Users\HP 4530s i5\AppData\Local\Programs\Python\Python310\DLLs\_lzma.pyd
0x00007ffeac8e0000 - 0x00007ffeacb2f000 	C:\Users\HP 4530s i5\AppData\Local\Programs\Python\Python310\lib\site-packages\PIL\_imaging.cp310-win_amd64.pyd
0x00007ffebd4e0000 - 0x00007ffebd4f9000 	C:\Users\HP 4530s i5\AppData\Local\Programs\Python\Python310\DLLs\_sqlite3.pyd
0x00007ffeab160000 - 0x00007ffeab2ca000 	C:\Users\HP 4530s i5\AppData\Local\Programs\Python\Python310\DLLs\sqlite3.dll
0x00007ffed0330000 - 0x00007ffed03ce000 	C:\WINDOWS\system32\uxtheme.dll
0x00007ffed4e50000 - 0x00007ffed4f64000 	C:\WINDOWS\System32\MSCTF.dll
0x00007ffed3a20000 - 0x00007ffed3aed000 	C:\WINDOWS\System32\OLEAUT32.dll
0x00007ffec2890000 - 0x00007ffec289a000 	C:\Users\HP 4530s i5\AppData\Local\Programs\Python\Python310\tcl\reg1.3\tclreg13.dll
0x00007ffec2830000 - 0x00007ffec2839000 	C:\Users\HP 4530s i5\AppData\Local\Programs\Python\Python310\lib\site-packages\PIL\_imagingtk.cp310-win_amd64.pyd
0x00007ffed38b0000 - 0x00007ffed38b8000 	C:\WINDOWS\System32\PSAPI.DLL
0x00007ffed18b0000 - 0x00007ffed18c2000 	C:\WINDOWS\SYSTEM32\kernel.appcore.dll
0x00007ffec7070000 - 0x00007ffec716a000 	C:\WINDOWS\SYSTEM32\textinputframework.dll
0x00007ffecfc00000 - 0x00007ffecff5b000 	C:\WINDOWS\System32\CoreUIComponents.dll
0x00007ffecff60000 - 0x00007ffed0052000 	C:\WINDOWS\System32\CoreMessaging.dll
0x00007ffed1e10000 - 0x00007ffed1e43000 	C:\WINDOWS\SYSTEM32\ntmarta.dll
0x00007ffecf500000 - 0x00007ffecf655000 	C:\WINDOWS\SYSTEM32\wintypes.dll
0x00007ffeaed10000 - 0x00007ffeaed84000 	C:\Users\HP 4530s i5\AppData\Local\Programs\Python\Python310\lib\site-packages\_jpype.cp310-win_amd64.pyd
0x00007ffec0120000 - 0x00007ffec012c000 	C:\Users\HP 4530s i5\AppData\Local\Programs\Python\Python310\VCRUNTIME140_1.dll
0x00007ffeae850000 - 0x00007ffeae8de000 	C:\WINDOWS\SYSTEM32\MSVCP140.dll
0x00007ffeaf050000 - 0x00007ffeaf08f000 	C:\Users\HP 4530s i5\AppData\Local\Programs\Python\Python310\DLLs\_decimal.pyd
0x00007ffea5d70000 - 0x00007ffea6931000 	C:\Program Files\Java\jdk-17.0.2\bin\server\jvm.dll
0x00007ffeccc90000 - 0x00007ffeccc99000 	C:\WINDOWS\SYSTEM32\WSOCK32.dll
0x00007ffec5790000 - 0x00007ffec57b7000 	C:\WINDOWS\SYSTEM32\WINMM.dll
0x00007ffecb850000 - 0x00007ffecb85a000 	C:\Program Files\Java\jdk-17.0.2\bin\jimage.dll
0x00007ffec1030000 - 0x00007ffec1214000 	C:\WINDOWS\SYSTEM32\DBGHELP.DLL
0x00007ffec0ff0000 - 0x00007ffec1024000 	C:\WINDOWS\SYSTEM32\dbgcore.DLL
0x00007ffec50c0000 - 0x00007ffec50e5000 	C:\Program Files\Java\jdk-17.0.2\bin\java.dll
0x00007ffeb20a0000 - 0x00007ffeb2176000 	C:\Program Files\Java\jdk-17.0.2\bin\jsvml.dll
0x00007ffed0b30000 - 0x00007ffed12cb000 	C:\WINDOWS\SYSTEM32\windows.storage.dll
0x00007ffed26e0000 - 0x00007ffed270d000 	C:\WINDOWS\System32\Wldp.dll
0x00007ffed2c40000 - 0x00007ffed2c65000 	C:\WINDOWS\SYSTEM32\profapi.dll
0x00007ffec7f90000 - 0x00007ffec7fa9000 	C:\Program Files\Java\jdk-17.0.2\bin\net.dll
0x00007ffecc110000 - 0x00007ffecc21a000 	C:\WINDOWS\SYSTEM32\WINHTTP.dll
0x00007ffed23e0000 - 0x00007ffed244a000 	C:\WINDOWS\system32\mswsock.dll
0x00007ffec4250000 - 0x00007ffec4266000 	C:\Program Files\Java\jdk-17.0.2\bin\nio.dll
0x00007ffec41a0000 - 0x00007ffec41b8000 	C:\Program Files\Java\jdk-17.0.2\bin\zip.dll
0x00007ffec5060000 - 0x00007ffec5070000 	C:\Program Files\Java\jdk-17.0.2\bin\verify.dll
0x0000000010000000 - 0x000000001000e000 	C:\Windows\System32\otdpfpjni.dll
0x0000000068fa0000 - 0x0000000069069000 	C:\WINDOWS\WinSxS\amd64_microsoft.vc80.crt_1fc8b3b9a1e18e3b_8.0.50727.9672_none_88e266cb2fac7c0d\MSVCR80.dll
0x0000000069070000 - 0x0000000069179000 	C:\WINDOWS\WinSxS\amd64_microsoft.vc80.crt_1fc8b3b9a1e18e3b_8.0.50727.9672_none_88e266cb2fac7c0d\MSVCP80.dll
0x0000000000c60000 - 0x0000000000ce7000 	C:\WINDOWS\SYSTEM32\DPFPApi.DLL
0x00007ffed3490000 - 0x00007ffed35ed000 	C:\WINDOWS\System32\CRYPT32.dll
0x0000000000cf0000 - 0x0000000000d49000 	C:\WINDOWS\system32\DPCLBACK.dll
0x00007ffed28e0000 - 0x00007ffed28f2000 	C:\WINDOWS\SYSTEM32\MSASN1.dll
0x0000000000d50000 - 0x0000000000d59000 	C:\Windows\System32\otfxjni.dll
0x00007ffeba2b0000 - 0x00007ffeba2cf000 	C:\WINDOWS\SYSTEM32\dpHFtrEx.dll
0x0000000000d60000 - 0x0000000000d6a000 	C:\Windows\System32\otmcjni.dll
0x00007ffeae810000 - 0x00007ffeae842000 	C:\WINDOWS\SYSTEM32\dpHMatch.dll

dbghelp: loaded successfully - version: 4.0.5 - missing functions: none
symbol engine: initialized successfully - sym options: 0x614 - pdb path: .;C:\Users\HP 4530s i5\AppData\Local\Programs\Python\Python310;C:\WINDOWS\SYSTEM32;C:\Users\HP 4530s i5\AppData\Local\Programs\Python\Python310\DLLs;C:\WINDOWS\WinSxS\amd64_microsoft.windows.common-controls_6595b64144ccf1df_6.0.19041.3570_none_60bb2a3971f3e41a;C:\Users\HP 4530s i5\AppData\Local\Programs\Python\Python310\lib\site-packages\PIL;C:\Users\HP 4530s i5\AppData\Local\Programs\Python\Python310\tcl\reg1.3;C:\Users\HP 4530s i5\AppData\Local\Programs\Python\Python310\lib\site-packages;C:\Program Files\Java\jdk-17.0.2\bin\server;C:\Program Files\Java\jdk-17.0.2\bin;C:\WINDOWS\WinSxS\amd64_microsoft.vc80.crt_1fc8b3b9a1e18e3b_8.0.50727.9672_none_88e266cb2fac7c0d

VM Arguments:
java_command: <unknown>
java_class_path (initial): FReader.jar
Launcher Type: generic

[Global flags]
     intx CICompilerCount                          = 3                                         {product} {ergonomic}
     uint ConcGCThreads                            = 1                                         {product} {ergonomic}
     uint G1ConcRefinementThreads                  = 4                                         {product} {ergonomic}
   size_t G1HeapRegionSize                         = 1048576                                   {product} {ergonomic}
    uintx GCDrainStackTargetSize                   = 64                                        {product} {ergonomic}
   size_t InitialHeapSize                          = 134217728                                 {product} {ergonomic}
   size_t MarkStackSize                            = 4194304                                   {product} {ergonomic}
   size_t MaxHeapSize                              = 2118123520                                {product} {ergonomic}
   size_t MaxNewSize                               = 1270874112                                {product} {ergonomic}
   size_t MinHeapDeltaBytes                        = 1048576                                   {product} {ergonomic}
   size_t MinHeapSize                              = 8388608                                   {product} {ergonomic}
    uintx NonNMethodCodeHeapSize                   = 5832780                                {pd product} {ergonomic}
    uintx NonProfiledCodeHeapSize                  = 122912730                              {pd product} {ergonomic}
    uintx ProfiledCodeHeapSize                     = 122912730                              {pd product} {ergonomic}
    uintx ReservedCodeCacheSize                    = 251658240                              {pd product} {ergonomic}
     bool SegmentedCodeCache                       = true                                      {product} {ergonomic}
   size_t SoftMaxHeapSize                          = 2118123520                             {manageable} {ergonomic}
     bool UseCompressedClassPointers               = true                           {product lp64_product} {ergonomic}
     bool UseCompressedOops                        = true                           {product lp64_product} {ergonomic}
     bool UseG1GC                                  = true                                      {product} {ergonomic}
     bool UseLargePagesIndividualAllocation        = false                                  {pd product} {ergonomic}

Logging:
Log output configuration:
 #0: stdout all=warning uptime,level,tags
 #1: stderr all=off uptime,level,tags

Environment Variables:
JAVA_HOME=C:\Program Files\Java\jdk-17.0.2\
PATH=C:\Program Files\Common Files\Oracle\Java\javapath;C:\WINDOWS\system32;C:\WINDOWS;C:\WINDOWS\System32\Wbem;C:\WINDOWS\System32\WindowsPowerShell\v1.0\;C:\WINDOWS\System32\OpenSSH\;C:\Program Files\Git\cmd;C:\Users\HP 4530s i5\Documents\exe files\apache-maven-3.8.5\bin;C:\Users\HP 4530s i5\Documents\exe files\spring-2.3.9.RELEASE\bin;C:\MinGW\bin;C:\Program Files\nodejs\;C:\Program Files\dotnet\;C:\Program Files\Microchip\xc8\v2.36\bin;C:\Users\HP 4530s i5\AppData\Local\Programs\Python\Python310\Scripts\;C:\Users\HP 4530s i5\AppData\Local\Programs\Python\Python310\;C:\Users\HP 4530s i5\AppData\Local\Microsoft\WindowsApps;C:\Program Files\Java\jdk-17.0.2\bin;C:\Program Files\heroku\bin;C:\Program Files\JetBrains\PyCharm Community Edition 2022.1\bin;;C:\Users\HP 4530s i5\AppData\Roaming\npm;C:\Users\HP 4530s i5\AppData\Local\Programs\Microsoft VS Code\bin
USERNAME=HP 4530s i5
OS=Windows_NT
PROCESSOR_IDENTIFIER=Intel64 Family 6 Model 42 Stepping 7, GenuineIntel



---------------  S Y S T E M  ---------------

OS:
 Windows 10 , 64 bit Build 19041 (10.0.19041.3570)
OS uptime: 6 days 12:02 hours

CPU: total 4 (initial active 4) (2 cores per cpu, 2 threads per core) family 6 model 42 stepping 7 microcode 0x2f, cx8, cmov, fxsr, ht, mmx, sse, sse2, sse3, ssse3, sse4.1, sse4.2, popcnt, tsc, tscinvbit, avx, aes, clmul, vzeroupper, clflush

Memory: 4k page, system-wide physical 8074M (2005M free)
TotalPageFile size 9354M (AvailPageFile size 3425M)
current process WorkingSet (physical memory assigned to process): 105M, peak: 123M
current process commit charge ("private bytes"): 142M, peak: 234M

vm_info: Java HotSpot(TM) 64-Bit Server VM (17.0.2+8-LTS-86) for windows-amd64 JRE (17.0.2+8-LTS-86), built on Dec  7 2021 21:51:03 by "mach5one" with MS VC++ 16.8 / 16.9 (VS2019)

END.
